<?xml version="1.0" encoding="UTF-8"?>
<testsuites name="Cucumber Test Suite" time="1431.882" tests="1" failures="0" errors="0">
   <testsuite name="Cucumber Test Suite" tests="1" failures="0" errors="0" time="1431.882" skipped="0" timestamp="07-04-2024T14:20:00" hostname="Administrator - WIN-3070Ti" id="Test Suites/Cucumber Test Suite">
      <properties>
         <property name="deviceName" value="emulator-5554 (sdk_gphone_x86_64 - Android 11)"/>
         <property name="devicePlatform" value=""/>
         <property name="logFolder" value="C:\\Users\\Administrator\\Desktop\\stuff\\butkem\\plat\\Katalon Demo\\23001065_18_K1_Challenge Kelompok 1 Mobile_Platinum\\Reports\\20240407_141955\\Cucumber Test Suite\\20240407_141955"/>
         <property name="logFiles" value="C:\\Users\\Administrator\\Desktop\\stuff\\butkem\\plat\\Katalon Demo\\23001065_18_K1_Challenge Kelompok 1 Mobile_Platinum\\Reports\\20240407_141955\\Cucumber Test Suite\\20240407_141955\\appium.log, C:\\Users\\Administrator\\Desktop\\stuff\\butkem\\plat\\Katalon Demo\\23001065_18_K1_Challenge Kelompok 1 Mobile_Platinum\\Reports\\20240407_141955\\Cucumber Test Suite\\20240407_141955\\appium_error.log, C:\\Users\\Administrator\\Desktop\\stuff\\butkem\\plat\\Katalon Demo\\23001065_18_K1_Challenge Kelompok 1 Mobile_Platinum\\Reports\\20240407_141955\\Cucumber Test Suite\\20240407_141955\\execution0.log"/>
         <property name="attachments" value=""/>
         <property name="hostName" value="Administrator - WIN-3070Ti"/>
         <property name="os" value="Windows 11 64bit"/>
         <property name="appiumServerStatus" value="{&quot;value&quot;:{&quot;build&quot;:{&quot;version&quot;:&quot;1.22.3&quot;}},&quot;sessionId&quot;:null,&quot;status&quot;:0}"/>
         <property name="katalonVersion" value="9.3.1.212"/>
         <property name="deviceOS" value="Android"/>
         <property name="appiumVersion" value="1.22.3"/>
         <property name="deviceModel" value="sdk_gphone_x86_64"/>
         <property name="hostAddress" value="192.168.1.66"/>
         <property name="deviceManufacturer" value="Google"/>
         <property name="deviceId" value="emulator-5554"/>
         <property name="deviceName" value="emulator-5554 (sdk_gphone_x86_64 - Android 11)"/>
         <property name="deviceOSVersion" value="11"/>
      </properties>
      <testcase name="Test Cases/Cucumber" time="1431.728" classname="Test Cases/Cucumber" status="PASSED">
         <system-out><![CDATA[07-04-2024T14:20:00 - [TEST_CASE][PASSED] - Test Cases/Cucumber: Test Cases/Cucumber

07-04-2024T14:20:00 - [TEST_STEP][PASSED] - Start listener action : beforeTestCase: null

07-04-2024T14:20:00 - [TEST_STEP][PASSED] - addDefaultPackages(): null

07-04-2024T14:20:01 - [TEST_STEP][PASSED] - runWithCucumberRunner(Runner): Run with 'Runner' was passed

07-04-2024T14:20:01 - [MESSAGE][INFO] - User set preference: ['appWaitActivity', '']

07-04-2024T14:20:01 - [MESSAGE][INFO] - User set preference: ['appWaitforLaunch', 'false']

07-04-2024T14:20:01 - [MESSAGE][INFO] - User set preference: ['deviceId', '']

07-04-2024T14:20:01 - [MESSAGE][INFO] - Detected NodeJS location: "C:\Program Files\nodejs\node.exe"

07-04-2024T14:20:07 - [MESSAGE][INFO] - PATH: C:\Program Files\nodejs;

07-04-2024T14:20:07 - [MESSAGE][INFO] - APPIUM_HOME: C:\Users\Administrator\AppData\Roaming\npm\node_modules\appium\build\lib\main.js

07-04-2024T14:20:07 - [MESSAGE][INFO] - appium outlog: C:\Users\Administrator\Desktop\stuff\butkem\plat\Katalon Demo\23001065_18_K1_Challenge Kelompok 1 Mobile_Platinum\Reports\20240407_141955\Cucumber Test Suite\20240407_141955\appium.log

07-04-2024T14:20:07 - [MESSAGE][INFO] - appium errlog: C:\Users\Administrator\Desktop\stuff\butkem\plat\Katalon Demo\23001065_18_K1_Challenge Kelompok 1 Mobile_Platinum\Reports\20240407_141955\Cucumber Test Suite\20240407_141955\appium_error.log

07-04-2024T14:20:08 - [MESSAGE][INFO] - Appium server started on port 52,716

07-04-2024T14:20:16 - [MESSAGE][PASSED] - Started app at: 'C:\Users\Administrator\Desktop\stuff\butkem\plat\Katalon Demo\23001065_18_K1_Challenge Kelompok 1 Mobile_Platinum\Apk\app-debug.apk'

07-04-2024T14:20:16 - [MESSAGE][WARNING] - Timeout '0' is invalid. Using default page load timeout: '30'

07-04-2024T14:20:20 - [MESSAGE][PASSED] - Element 'Object Repository/Login page/btn_akun' is present

07-04-2024T14:20:20 - [MESSAGE][WARNING] - Timeout '0' is invalid. Using default page load timeout: '30'

07-04-2024T14:20:20 - [MESSAGE][PASSED] - Element 'Object Repository/Dashboard/btn_akun' is visible

07-04-2024T14:20:20 - [MESSAGE][WARNING] - Timeout '0' is invalid. Using default page load timeout: '30'

07-04-2024T14:20:20 - [MESSAGE][PASSED] - Tapped on element 'Object Repository/Dashboard/btn_akun'

07-04-2024T14:20:20 - [MESSAGE][WARNING] - Timeout '0' is invalid. Using default page load timeout: '30'

07-04-2024T14:20:21 - [MESSAGE][PASSED] - Element 'Object Repository/Login page/btn_loginmsk' is present

07-04-2024T14:20:21 - [MESSAGE][WARNING] - Timeout '0' is invalid. Using default page load timeout: '30'

07-04-2024T14:20:21 - [MESSAGE][PASSED] - Element 'Object Repository/Login page/btn_loginmsk' is visible

07-04-2024T14:20:21 - [MESSAGE][WARNING] - Timeout '0' is invalid. Using default page load timeout: '30'

07-04-2024T14:20:21 - [MESSAGE][PASSED] - Tapped on element 'Object Repository/Login page/btn_loginmsk'

07-04-2024T14:20:21 - [MESSAGE][WARNING] - Timeout '0' is invalid. Using default page load timeout: '30'

07-04-2024T14:20:22 - [MESSAGE][PASSED] - Element 'Object Repository/Login page/TextArea_email' is present

07-04-2024T14:20:22 - [MESSAGE][WARNING] - Timeout '0' is invalid. Using default page load timeout: '30'

07-04-2024T14:20:22 - [MESSAGE][PASSED] - Element 'Object Repository/Login page/TextArea_email' is visible

07-04-2024T14:20:22 - [MESSAGE][WARNING] - Timeout '0' is invalid. Using default page load timeout: '30'

07-04-2024T14:20:22 - [MESSAGE][PASSED] - Element 'Object Repository/Login page/TextArea_password' is present

07-04-2024T14:20:22 - [MESSAGE][WARNING] - Timeout '0' is invalid. Using default page load timeout: '30'

07-04-2024T14:20:22 - [MESSAGE][PASSED] - Element 'Object Repository/Login page/TextArea_password' is visible

07-04-2024T14:20:22 - [MESSAGE][WARNING] - Timeout '0' is invalid. Using default page load timeout: '30'

07-04-2024T14:20:24 - [MESSAGE][PASSED] - Text 'sandra123@gmail.com' has been set to element 'Object Repository/Login page/TextArea_email'

07-04-2024T14:20:25 - [MESSAGE][PASSED] - Keyboard is hidden

07-04-2024T14:20:25 - [MESSAGE][WARNING] - Timeout '0' is invalid. Using default page load timeout: '30'

07-04-2024T14:20:27 - [MESSAGE][PASSED] - Text 'sandra123' has been set to element 'Object Repository/Login page/TextArea_password'

07-04-2024T14:20:29 - [MESSAGE][PASSED] - Keyboard is hidden

07-04-2024T14:20:29 - [MESSAGE][WARNING] - Timeout '0' is invalid. Using default page load timeout: '30'

07-04-2024T14:20:29 - [MESSAGE][PASSED] - Tapped on element 'Object Repository/Login page/btn_loginmsk'

07-04-2024T14:20:29 - [MESSAGE][WARNING] - Timeout '0' is invalid. Using default page load timeout: '30'

07-04-2024T14:20:31 - [MESSAGE][PASSED] - Element 'Object Repository/AkunMenu/btn_keluar' is visible

07-04-2024T14:20:31 - [MESSAGE][WARNING] - Timeout '0' is invalid. Using default page load timeout: '30'

07-04-2024T14:20:31 - [MESSAGE][PASSED] - Tapped on element 'Object Repository/AkunMenu/btn_edit'

07-04-2024T14:20:31 - [MESSAGE][WARNING] - Timeout '0' is invalid. Using default page load timeout: '30'

07-04-2024T14:20:31 - [MESSAGE][PASSED] - Element 'Object Repository/AccountInfo/txt_LengkapiInfoAkun' is present

07-04-2024T14:20:32 - [MESSAGE][WARNING] - Timeout '0' is invalid. Using default page load timeout: '30'

07-04-2024T14:20:32 - [MESSAGE][PASSED] - Element 'Object Repository/AccountInfo/txt_LengkapiInfoAkun' is visible

07-04-2024T14:20:32 - [MESSAGE][WARNING] - Timeout '0' is invalid. Using default page load timeout: '30'

07-04-2024T14:20:32 - [MESSAGE][PASSED] - Element 'Object Repository/AccountInfo/btn_nama' is present

07-04-2024T14:20:32 - [MESSAGE][WARNING] - Timeout '0' is invalid. Using default page load timeout: '30'

07-04-2024T14:20:32 - [MESSAGE][PASSED] - Element 'Object Repository/AccountInfo/btn_nama' is visible

07-04-2024T14:20:32 - [MESSAGE][WARNING] - Timeout '0' is invalid. Using default page load timeout: '30'

07-04-2024T14:20:32 - [MESSAGE][PASSED] - Tapped on element 'Object Repository/AccountInfo/btn_profilePicture'

07-04-2024T14:20:32 - [MESSAGE][WARNING] - Timeout '0' is invalid. Using default page load timeout: '30'

07-04-2024T14:20:33 - [MESSAGE][PASSED] - Tapped on element 'Object Repository/AccountInfo/btn_galeri'

07-04-2024T14:20:33 - [MESSAGE][WARNING] - Timeout '0' is invalid. Using default page load timeout: '30'

07-04-2024T14:20:34 - [MESSAGE][PASSED] - Tapped on element 'Object Repository/Post Product Page/img_fotoProdukAndroid11'

07-04-2024T14:20:34 - [MESSAGE][WARNING] - Timeout '0' is invalid. Using default page load timeout: '30'

07-04-2024T14:20:35 - [MESSAGE][PASSED] - Element 'Object Repository/AccountInfo/txt_success' is present

07-04-2024T14:20:35 - [MESSAGE][WARNING] - Timeout '0' is invalid. Using default page load timeout: '30'

07-04-2024T14:20:35 - [MESSAGE][PASSED] - Element 'Object Repository/AccountInfo/txt_success' is visible

07-04-2024T14:20:35 - [MESSAGE][INFO] - User set preference: ['appWaitActivity', '']

07-04-2024T14:20:35 - [MESSAGE][INFO] - User set preference: ['appWaitforLaunch', 'false']

07-04-2024T14:20:35 - [MESSAGE][INFO] - User set preference: ['deviceId', '']

07-04-2024T14:20:42 - [MESSAGE][PASSED] - Started app at: 'C:\Users\Administrator\Desktop\stuff\butkem\plat\Katalon Demo\23001065_18_K1_Challenge Kelompok 1 Mobile_Platinum\Apk\app-debug.apk'

07-04-2024T14:20:42 - [MESSAGE][WARNING] - Timeout '0' is invalid. Using default page load timeout: '30'

07-04-2024T14:20:46 - [MESSAGE][PASSED] - Element 'Object Repository/Login page/btn_akun' is present

07-04-2024T14:20:46 - [MESSAGE][WARNING] - Timeout '0' is invalid. Using default page load timeout: '30'

07-04-2024T14:20:46 - [MESSAGE][PASSED] - Element 'Object Repository/Dashboard/btn_akun' is visible

07-04-2024T14:20:47 - [MESSAGE][WARNING] - Timeout '0' is invalid. Using default page load timeout: '30'

07-04-2024T14:20:47 - [MESSAGE][PASSED] - Tapped on element 'Object Repository/Dashboard/btn_akun'

07-04-2024T14:20:47 - [MESSAGE][WARNING] - Timeout '0' is invalid. Using default page load timeout: '30'

07-04-2024T14:20:47 - [MESSAGE][PASSED] - Element 'Object Repository/Login page/btn_loginmsk' is present

07-04-2024T14:20:47 - [MESSAGE][WARNING] - Timeout '0' is invalid. Using default page load timeout: '30'

07-04-2024T14:20:47 - [MESSAGE][PASSED] - Element 'Object Repository/Login page/btn_loginmsk' is visible

07-04-2024T14:20:47 - [MESSAGE][WARNING] - Timeout '0' is invalid. Using default page load timeout: '30'

07-04-2024T14:20:47 - [MESSAGE][PASSED] - Tapped on element 'Object Repository/Login page/btn_loginmsk'

07-04-2024T14:20:47 - [MESSAGE][WARNING] - Timeout '0' is invalid. Using default page load timeout: '30'

07-04-2024T14:20:48 - [MESSAGE][PASSED] - Element 'Object Repository/Login page/TextArea_email' is present

07-04-2024T14:20:48 - [MESSAGE][WARNING] - Timeout '0' is invalid. Using default page load timeout: '30'

07-04-2024T14:20:48 - [MESSAGE][PASSED] - Element 'Object Repository/Login page/TextArea_email' is visible

07-04-2024T14:20:48 - [MESSAGE][WARNING] - Timeout '0' is invalid. Using default page load timeout: '30'

07-04-2024T14:20:48 - [MESSAGE][PASSED] - Element 'Object Repository/Login page/TextArea_password' is present

07-04-2024T14:20:48 - [MESSAGE][WARNING] - Timeout '0' is invalid. Using default page load timeout: '30'

07-04-2024T14:20:48 - [MESSAGE][PASSED] - Element 'Object Repository/Login page/TextArea_password' is visible

07-04-2024T14:20:48 - [MESSAGE][WARNING] - Timeout '0' is invalid. Using default page load timeout: '30'

07-04-2024T14:20:50 - [MESSAGE][PASSED] - Text 'sandra123@gmail.com' has been set to element 'Object Repository/Login page/TextArea_email'

07-04-2024T14:20:51 - [MESSAGE][PASSED] - Keyboard is hidden

07-04-2024T14:20:51 - [MESSAGE][WARNING] - Timeout '0' is invalid. Using default page load timeout: '30'

07-04-2024T14:20:53 - [MESSAGE][PASSED] - Text 'sandra123' has been set to element 'Object Repository/Login page/TextArea_password'

07-04-2024T14:20:55 - [MESSAGE][PASSED] - Keyboard is hidden

07-04-2024T14:20:55 - [MESSAGE][WARNING] - Timeout '0' is invalid. Using default page load timeout: '30'

07-04-2024T14:20:56 - [MESSAGE][PASSED] - Tapped on element 'Object Repository/Login page/btn_loginmsk'

07-04-2024T14:20:56 - [MESSAGE][WARNING] - Timeout '0' is invalid. Using default page load timeout: '30'

07-04-2024T14:20:57 - [MESSAGE][PASSED] - Element 'Object Repository/AkunMenu/btn_keluar' is visible

07-04-2024T14:20:57 - [MESSAGE][WARNING] - Timeout '0' is invalid. Using default page load timeout: '30'

07-04-2024T14:20:57 - [MESSAGE][PASSED] - Tapped on element 'Object Repository/AkunMenu/btn_edit'

07-04-2024T14:20:57 - [MESSAGE][WARNING] - Timeout '0' is invalid. Using default page load timeout: '30'

07-04-2024T14:20:58 - [MESSAGE][PASSED] - Element 'Object Repository/AccountInfo/txt_LengkapiInfoAkun' is present

07-04-2024T14:20:58 - [MESSAGE][WARNING] - Timeout '0' is invalid. Using default page load timeout: '30'

07-04-2024T14:20:58 - [MESSAGE][PASSED] - Element 'Object Repository/AccountInfo/txt_LengkapiInfoAkun' is visible

07-04-2024T14:20:58 - [MESSAGE][WARNING] - Timeout '0' is invalid. Using default page load timeout: '30'

07-04-2024T14:20:58 - [MESSAGE][PASSED] - Element 'Object Repository/AccountInfo/btn_nama' is present

07-04-2024T14:20:58 - [MESSAGE][WARNING] - Timeout '0' is invalid. Using default page load timeout: '30'

07-04-2024T14:20:58 - [MESSAGE][PASSED] - Element 'Object Repository/AccountInfo/btn_nama' is visible

07-04-2024T14:20:58 - [MESSAGE][WARNING] - Timeout '0' is invalid. Using default page load timeout: '30'

07-04-2024T14:20:58 - [MESSAGE][PASSED] - Tapped on element 'Object Repository/AccountInfo/btn_nama'

07-04-2024T14:20:58 - [MESSAGE][WARNING] - Timeout '0' is invalid. Using default page load timeout: '30'

07-04-2024T14:21:01 - [MESSAGE][PASSED] - Text 'edit nama auto' has been set to element 'Object Repository/AccountInfo/TextArea_popUpFields'

07-04-2024T14:21:02 - [MESSAGE][PASSED] - Keyboard is hidden

07-04-2024T14:21:02 - [MESSAGE][WARNING] - Timeout '0' is invalid. Using default page load timeout: '30'

07-04-2024T14:21:02 - [MESSAGE][PASSED] - Tapped on element 'Object Repository/AccountInfo/btn_simpan'

07-04-2024T14:21:02 - [MESSAGE][WARNING] - Timeout '0' is invalid. Using default page load timeout: '30'

07-04-2024T14:21:03 - [MESSAGE][PASSED] - Element 'Object Repository/AccountInfo/txt_success' is present

07-04-2024T14:21:03 - [MESSAGE][WARNING] - Timeout '0' is invalid. Using default page load timeout: '30'

07-04-2024T14:21:03 - [MESSAGE][PASSED] - Element 'Object Repository/AccountInfo/txt_success' is visible

07-04-2024T14:21:03 - [MESSAGE][INFO] - User set preference: ['appWaitActivity', '']

07-04-2024T14:21:03 - [MESSAGE][INFO] - User set preference: ['appWaitforLaunch', 'false']

07-04-2024T14:21:03 - [MESSAGE][INFO] - User set preference: ['deviceId', '']

07-04-2024T14:21:10 - [MESSAGE][PASSED] - Started app at: 'C:\Users\Administrator\Desktop\stuff\butkem\plat\Katalon Demo\23001065_18_K1_Challenge Kelompok 1 Mobile_Platinum\Apk\app-debug.apk'

07-04-2024T14:21:10 - [MESSAGE][WARNING] - Timeout '0' is invalid. Using default page load timeout: '30'

07-04-2024T14:21:14 - [MESSAGE][PASSED] - Element 'Object Repository/Login page/btn_akun' is present

07-04-2024T14:21:14 - [MESSAGE][WARNING] - Timeout '0' is invalid. Using default page load timeout: '30'

07-04-2024T14:21:15 - [MESSAGE][PASSED] - Element 'Object Repository/Dashboard/btn_akun' is visible

07-04-2024T14:21:15 - [MESSAGE][WARNING] - Timeout '0' is invalid. Using default page load timeout: '30'

07-04-2024T14:21:15 - [MESSAGE][PASSED] - Tapped on element 'Object Repository/Dashboard/btn_akun'

07-04-2024T14:21:15 - [MESSAGE][WARNING] - Timeout '0' is invalid. Using default page load timeout: '30'

07-04-2024T14:21:16 - [MESSAGE][PASSED] - Element 'Object Repository/Login page/btn_loginmsk' is present

07-04-2024T14:21:16 - [MESSAGE][WARNING] - Timeout '0' is invalid. Using default page load timeout: '30'

07-04-2024T14:21:16 - [MESSAGE][PASSED] - Element 'Object Repository/Login page/btn_loginmsk' is visible

07-04-2024T14:21:16 - [MESSAGE][WARNING] - Timeout '0' is invalid. Using default page load timeout: '30'

07-04-2024T14:21:16 - [MESSAGE][PASSED] - Tapped on element 'Object Repository/Login page/btn_loginmsk'

07-04-2024T14:21:16 - [MESSAGE][WARNING] - Timeout '0' is invalid. Using default page load timeout: '30'

07-04-2024T14:21:16 - [MESSAGE][PASSED] - Element 'Object Repository/Login page/TextArea_email' is present

07-04-2024T14:21:16 - [MESSAGE][WARNING] - Timeout '0' is invalid. Using default page load timeout: '30'

07-04-2024T14:21:16 - [MESSAGE][PASSED] - Element 'Object Repository/Login page/TextArea_email' is visible

07-04-2024T14:21:16 - [MESSAGE][WARNING] - Timeout '0' is invalid. Using default page load timeout: '30'

07-04-2024T14:21:16 - [MESSAGE][PASSED] - Element 'Object Repository/Login page/TextArea_password' is present

07-04-2024T14:21:17 - [MESSAGE][WARNING] - Timeout '0' is invalid. Using default page load timeout: '30'

07-04-2024T14:21:17 - [MESSAGE][PASSED] - Element 'Object Repository/Login page/TextArea_password' is visible

07-04-2024T14:21:17 - [MESSAGE][WARNING] - Timeout '0' is invalid. Using default page load timeout: '30'

07-04-2024T14:21:19 - [MESSAGE][PASSED] - Text 'sandra123@gmail.com' has been set to element 'Object Repository/Login page/TextArea_email'

07-04-2024T14:21:19 - [MESSAGE][PASSED] - Keyboard is hidden

07-04-2024T14:21:19 - [MESSAGE][WARNING] - Timeout '0' is invalid. Using default page load timeout: '30'

07-04-2024T14:21:21 - [MESSAGE][PASSED] - Text 'sandra123' has been set to element 'Object Repository/Login page/TextArea_password'

07-04-2024T14:21:24 - [MESSAGE][PASSED] - Keyboard is hidden

07-04-2024T14:21:24 - [MESSAGE][WARNING] - Timeout '0' is invalid. Using default page load timeout: '30'

07-04-2024T14:21:24 - [MESSAGE][PASSED] - Tapped on element 'Object Repository/Login page/btn_loginmsk'

07-04-2024T14:21:24 - [MESSAGE][WARNING] - Timeout '0' is invalid. Using default page load timeout: '30'

07-04-2024T14:21:25 - [MESSAGE][PASSED] - Element 'Object Repository/AkunMenu/btn_keluar' is visible

07-04-2024T14:21:25 - [MESSAGE][WARNING] - Timeout '0' is invalid. Using default page load timeout: '30'

07-04-2024T14:21:26 - [MESSAGE][PASSED] - Tapped on element 'Object Repository/AkunMenu/btn_edit'

07-04-2024T14:21:26 - [MESSAGE][WARNING] - Timeout '0' is invalid. Using default page load timeout: '30'

07-04-2024T14:21:26 - [MESSAGE][PASSED] - Element 'Object Repository/AccountInfo/txt_LengkapiInfoAkun' is present

07-04-2024T14:21:26 - [MESSAGE][WARNING] - Timeout '0' is invalid. Using default page load timeout: '30'

07-04-2024T14:21:26 - [MESSAGE][PASSED] - Element 'Object Repository/AccountInfo/txt_LengkapiInfoAkun' is visible

07-04-2024T14:21:26 - [MESSAGE][WARNING] - Timeout '0' is invalid. Using default page load timeout: '30'

07-04-2024T14:21:26 - [MESSAGE][PASSED] - Element 'Object Repository/AccountInfo/btn_nama' is present

07-04-2024T14:21:26 - [MESSAGE][WARNING] - Timeout '0' is invalid. Using default page load timeout: '30'

07-04-2024T14:21:26 - [MESSAGE][PASSED] - Element 'Object Repository/AccountInfo/btn_nama' is visible

07-04-2024T14:21:27 - [MESSAGE][WARNING] - Timeout '0' is invalid. Using default page load timeout: '30'

07-04-2024T14:21:27 - [MESSAGE][PASSED] - Tapped on element 'Object Repository/AccountInfo/btn_noHP'

07-04-2024T14:21:27 - [MESSAGE][WARNING] - Timeout '0' is invalid. Using default page load timeout: '30'

07-04-2024T14:21:29 - [MESSAGE][PASSED] - Text '081234567890' has been set to element 'Object Repository/AccountInfo/TextArea_popUpFields'

07-04-2024T14:21:30 - [MESSAGE][PASSED] - Press back button successfully

07-04-2024T14:21:30 - [MESSAGE][WARNING] - Timeout '0' is invalid. Using default page load timeout: '30'

07-04-2024T14:21:31 - [MESSAGE][PASSED] - Tapped on element 'Object Repository/AccountInfo/btn_simpan'

07-04-2024T14:21:31 - [MESSAGE][WARNING] - Timeout '0' is invalid. Using default page load timeout: '30'

07-04-2024T14:21:32 - [MESSAGE][PASSED] - Element 'Object Repository/AccountInfo/txt_success' is present

07-04-2024T14:21:32 - [MESSAGE][WARNING] - Timeout '0' is invalid. Using default page load timeout: '30'

07-04-2024T14:21:32 - [MESSAGE][PASSED] - Element 'Object Repository/AccountInfo/txt_success' is visible

07-04-2024T14:21:32 - [MESSAGE][INFO] - User set preference: ['appWaitActivity', '']

07-04-2024T14:21:32 - [MESSAGE][INFO] - User set preference: ['appWaitforLaunch', 'false']

07-04-2024T14:21:32 - [MESSAGE][INFO] - User set preference: ['deviceId', '']

07-04-2024T14:21:39 - [MESSAGE][PASSED] - Started app at: 'C:\Users\Administrator\Desktop\stuff\butkem\plat\Katalon Demo\23001065_18_K1_Challenge Kelompok 1 Mobile_Platinum\Apk\app-debug.apk'

07-04-2024T14:21:39 - [MESSAGE][WARNING] - Timeout '0' is invalid. Using default page load timeout: '30'

07-04-2024T14:21:43 - [MESSAGE][PASSED] - Element 'Object Repository/Login page/btn_akun' is present

07-04-2024T14:21:43 - [MESSAGE][WARNING] - Timeout '0' is invalid. Using default page load timeout: '30'

07-04-2024T14:21:43 - [MESSAGE][PASSED] - Element 'Object Repository/Dashboard/btn_akun' is visible

07-04-2024T14:21:43 - [MESSAGE][WARNING] - Timeout '0' is invalid. Using default page load timeout: '30'

07-04-2024T14:21:43 - [MESSAGE][PASSED] - Tapped on element 'Object Repository/Dashboard/btn_akun'

07-04-2024T14:21:43 - [MESSAGE][WARNING] - Timeout '0' is invalid. Using default page load timeout: '30'

07-04-2024T14:21:44 - [MESSAGE][PASSED] - Element 'Object Repository/Login page/btn_loginmsk' is present

07-04-2024T14:21:44 - [MESSAGE][WARNING] - Timeout '0' is invalid. Using default page load timeout: '30'

07-04-2024T14:21:44 - [MESSAGE][PASSED] - Element 'Object Repository/Login page/btn_loginmsk' is visible

07-04-2024T14:21:44 - [MESSAGE][WARNING] - Timeout '0' is invalid. Using default page load timeout: '30'

07-04-2024T14:21:44 - [MESSAGE][PASSED] - Tapped on element 'Object Repository/Login page/btn_loginmsk'

07-04-2024T14:21:44 - [MESSAGE][WARNING] - Timeout '0' is invalid. Using default page load timeout: '30'

07-04-2024T14:21:45 - [MESSAGE][PASSED] - Element 'Object Repository/Login page/TextArea_email' is present

07-04-2024T14:21:45 - [MESSAGE][WARNING] - Timeout '0' is invalid. Using default page load timeout: '30'

07-04-2024T14:21:45 - [MESSAGE][PASSED] - Element 'Object Repository/Login page/TextArea_email' is visible

07-04-2024T14:21:45 - [MESSAGE][WARNING] - Timeout '0' is invalid. Using default page load timeout: '30'

07-04-2024T14:21:45 - [MESSAGE][PASSED] - Element 'Object Repository/Login page/TextArea_password' is present

07-04-2024T14:21:45 - [MESSAGE][WARNING] - Timeout '0' is invalid. Using default page load timeout: '30'

07-04-2024T14:21:45 - [MESSAGE][PASSED] - Element 'Object Repository/Login page/TextArea_password' is visible

07-04-2024T14:21:45 - [MESSAGE][WARNING] - Timeout '0' is invalid. Using default page load timeout: '30'

07-04-2024T14:21:47 - [MESSAGE][PASSED] - Text 'sandra123@gmail.com' has been set to element 'Object Repository/Login page/TextArea_email'

07-04-2024T14:21:48 - [MESSAGE][PASSED] - Keyboard is hidden

07-04-2024T14:21:48 - [MESSAGE][WARNING] - Timeout '0' is invalid. Using default page load timeout: '30'

07-04-2024T14:21:50 - [MESSAGE][PASSED] - Text 'sandra123' has been set to element 'Object Repository/Login page/TextArea_password'

07-04-2024T14:21:52 - [MESSAGE][PASSED] - Keyboard is hidden

07-04-2024T14:21:52 - [MESSAGE][WARNING] - Timeout '0' is invalid. Using default page load timeout: '30'

07-04-2024T14:21:52 - [MESSAGE][PASSED] - Tapped on element 'Object Repository/Login page/btn_loginmsk'

07-04-2024T14:21:52 - [MESSAGE][WARNING] - Timeout '0' is invalid. Using default page load timeout: '30'

07-04-2024T14:21:54 - [MESSAGE][PASSED] - Element 'Object Repository/AkunMenu/btn_keluar' is visible

07-04-2024T14:21:54 - [MESSAGE][WARNING] - Timeout '0' is invalid. Using default page load timeout: '30'

07-04-2024T14:21:54 - [MESSAGE][PASSED] - Tapped on element 'Object Repository/AkunMenu/btn_edit'

07-04-2024T14:21:54 - [MESSAGE][WARNING] - Timeout '0' is invalid. Using default page load timeout: '30'

07-04-2024T14:21:54 - [MESSAGE][PASSED] - Element 'Object Repository/AccountInfo/txt_LengkapiInfoAkun' is present

07-04-2024T14:21:54 - [MESSAGE][WARNING] - Timeout '0' is invalid. Using default page load timeout: '30'

07-04-2024T14:21:55 - [MESSAGE][PASSED] - Element 'Object Repository/AccountInfo/txt_LengkapiInfoAkun' is visible

07-04-2024T14:21:55 - [MESSAGE][WARNING] - Timeout '0' is invalid. Using default page load timeout: '30'

07-04-2024T14:21:55 - [MESSAGE][PASSED] - Element 'Object Repository/AccountInfo/btn_nama' is present

07-04-2024T14:21:55 - [MESSAGE][WARNING] - Timeout '0' is invalid. Using default page load timeout: '30'

07-04-2024T14:21:55 - [MESSAGE][PASSED] - Element 'Object Repository/AccountInfo/btn_nama' is visible

07-04-2024T14:21:55 - [MESSAGE][WARNING] - Timeout '0' is invalid. Using default page load timeout: '30'

07-04-2024T14:21:55 - [MESSAGE][PASSED] - Tapped on element 'Object Repository/AccountInfo/btn_kota'

07-04-2024T14:21:55 - [MESSAGE][WARNING] - Timeout '0' is invalid. Using default page load timeout: '30'

07-04-2024T14:21:58 - [MESSAGE][PASSED] - Text 'edit kota auto' has been set to element 'Object Repository/AccountInfo/TextArea_popUpFields'

07-04-2024T14:21:58 - [MESSAGE][PASSED] - Keyboard is hidden

07-04-2024T14:21:58 - [MESSAGE][WARNING] - Timeout '0' is invalid. Using default page load timeout: '30'

07-04-2024T14:21:59 - [MESSAGE][PASSED] - Tapped on element 'Object Repository/AccountInfo/btn_simpan'

07-04-2024T14:21:59 - [MESSAGE][WARNING] - Timeout '0' is invalid. Using default page load timeout: '30'

07-04-2024T14:21:59 - [MESSAGE][PASSED] - Element 'Object Repository/AccountInfo/txt_success' is present

07-04-2024T14:21:59 - [MESSAGE][WARNING] - Timeout '0' is invalid. Using default page load timeout: '30'

07-04-2024T14:22:00 - [MESSAGE][PASSED] - Element 'Object Repository/AccountInfo/txt_success' is visible

07-04-2024T14:22:00 - [MESSAGE][INFO] - User set preference: ['appWaitActivity', '']

07-04-2024T14:22:00 - [MESSAGE][INFO] - User set preference: ['appWaitforLaunch', 'false']

07-04-2024T14:22:00 - [MESSAGE][INFO] - User set preference: ['deviceId', '']

07-04-2024T14:22:06 - [MESSAGE][PASSED] - Started app at: 'C:\Users\Administrator\Desktop\stuff\butkem\plat\Katalon Demo\23001065_18_K1_Challenge Kelompok 1 Mobile_Platinum\Apk\app-debug.apk'

07-04-2024T14:22:07 - [MESSAGE][WARNING] - Timeout '0' is invalid. Using default page load timeout: '30'

07-04-2024T14:22:11 - [MESSAGE][PASSED] - Element 'Object Repository/Login page/btn_akun' is present

07-04-2024T14:22:11 - [MESSAGE][WARNING] - Timeout '0' is invalid. Using default page load timeout: '30'

07-04-2024T14:22:11 - [MESSAGE][PASSED] - Element 'Object Repository/Dashboard/btn_akun' is visible

07-04-2024T14:22:11 - [MESSAGE][WARNING] - Timeout '0' is invalid. Using default page load timeout: '30'

07-04-2024T14:22:11 - [MESSAGE][PASSED] - Tapped on element 'Object Repository/Dashboard/btn_akun'

07-04-2024T14:22:11 - [MESSAGE][WARNING] - Timeout '0' is invalid. Using default page load timeout: '30'

07-04-2024T14:22:12 - [MESSAGE][PASSED] - Element 'Object Repository/Login page/btn_loginmsk' is present

07-04-2024T14:22:12 - [MESSAGE][WARNING] - Timeout '0' is invalid. Using default page load timeout: '30'

07-04-2024T14:22:12 - [MESSAGE][PASSED] - Element 'Object Repository/Login page/btn_loginmsk' is visible

07-04-2024T14:22:12 - [MESSAGE][WARNING] - Timeout '0' is invalid. Using default page load timeout: '30'

07-04-2024T14:22:12 - [MESSAGE][PASSED] - Tapped on element 'Object Repository/Login page/btn_loginmsk'

07-04-2024T14:22:12 - [MESSAGE][WARNING] - Timeout '0' is invalid. Using default page load timeout: '30'

07-04-2024T14:22:13 - [MESSAGE][PASSED] - Element 'Object Repository/Login page/TextArea_email' is present

07-04-2024T14:22:13 - [MESSAGE][WARNING] - Timeout '0' is invalid. Using default page load timeout: '30'

07-04-2024T14:22:13 - [MESSAGE][PASSED] - Element 'Object Repository/Login page/TextArea_email' is visible

07-04-2024T14:22:13 - [MESSAGE][WARNING] - Timeout '0' is invalid. Using default page load timeout: '30'

07-04-2024T14:22:13 - [MESSAGE][PASSED] - Element 'Object Repository/Login page/TextArea_password' is present

07-04-2024T14:22:13 - [MESSAGE][WARNING] - Timeout '0' is invalid. Using default page load timeout: '30'

07-04-2024T14:22:13 - [MESSAGE][PASSED] - Element 'Object Repository/Login page/TextArea_password' is visible

07-04-2024T14:22:13 - [MESSAGE][WARNING] - Timeout '0' is invalid. Using default page load timeout: '30'

07-04-2024T14:22:15 - [MESSAGE][PASSED] - Text 'sandra123@gmail.com' has been set to element 'Object Repository/Login page/TextArea_email'

07-04-2024T14:22:16 - [MESSAGE][PASSED] - Keyboard is hidden

07-04-2024T14:22:16 - [MESSAGE][WARNING] - Timeout '0' is invalid. Using default page load timeout: '30'

07-04-2024T14:22:18 - [MESSAGE][PASSED] - Text 'sandra123' has been set to element 'Object Repository/Login page/TextArea_password'

07-04-2024T14:22:20 - [MESSAGE][PASSED] - Keyboard is hidden

07-04-2024T14:22:20 - [MESSAGE][WARNING] - Timeout '0' is invalid. Using default page load timeout: '30'

07-04-2024T14:22:20 - [MESSAGE][PASSED] - Tapped on element 'Object Repository/Login page/btn_loginmsk'

07-04-2024T14:22:20 - [MESSAGE][WARNING] - Timeout '0' is invalid. Using default page load timeout: '30'

07-04-2024T14:22:22 - [MESSAGE][PASSED] - Element 'Object Repository/AkunMenu/btn_keluar' is visible

07-04-2024T14:22:22 - [MESSAGE][WARNING] - Timeout '0' is invalid. Using default page load timeout: '30'

07-04-2024T14:22:22 - [MESSAGE][PASSED] - Tapped on element 'Object Repository/AkunMenu/btn_edit'

07-04-2024T14:22:22 - [MESSAGE][WARNING] - Timeout '0' is invalid. Using default page load timeout: '30'

07-04-2024T14:22:22 - [MESSAGE][PASSED] - Element 'Object Repository/AccountInfo/txt_LengkapiInfoAkun' is present

07-04-2024T14:22:22 - [MESSAGE][WARNING] - Timeout '0' is invalid. Using default page load timeout: '30'

07-04-2024T14:22:22 - [MESSAGE][PASSED] - Element 'Object Repository/AccountInfo/txt_LengkapiInfoAkun' is visible

07-04-2024T14:22:22 - [MESSAGE][WARNING] - Timeout '0' is invalid. Using default page load timeout: '30'

07-04-2024T14:22:23 - [MESSAGE][PASSED] - Element 'Object Repository/AccountInfo/btn_nama' is present

07-04-2024T14:22:23 - [MESSAGE][WARNING] - Timeout '0' is invalid. Using default page load timeout: '30'

07-04-2024T14:22:23 - [MESSAGE][PASSED] - Element 'Object Repository/AccountInfo/btn_nama' is visible

07-04-2024T14:22:23 - [MESSAGE][WARNING] - Timeout '0' is invalid. Using default page load timeout: '30'

07-04-2024T14:22:23 - [MESSAGE][PASSED] - Tapped on element 'Object Repository/AccountInfo/btn_alamat'

07-04-2024T14:22:23 - [MESSAGE][WARNING] - Timeout '0' is invalid. Using default page load timeout: '30'

07-04-2024T14:22:26 - [MESSAGE][PASSED] - Text 'edit alamat auto' has been set to element 'Object Repository/AccountInfo/TextArea_popUpFields'

07-04-2024T14:22:27 - [MESSAGE][PASSED] - Keyboard is hidden

07-04-2024T14:22:27 - [MESSAGE][WARNING] - Timeout '0' is invalid. Using default page load timeout: '30'

07-04-2024T14:22:27 - [MESSAGE][PASSED] - Tapped on element 'Object Repository/AccountInfo/btn_simpan'

07-04-2024T14:22:27 - [MESSAGE][WARNING] - Timeout '0' is invalid. Using default page load timeout: '30'

07-04-2024T14:22:28 - [MESSAGE][PASSED] - Element 'Object Repository/AccountInfo/txt_success' is present

07-04-2024T14:22:28 - [MESSAGE][WARNING] - Timeout '0' is invalid. Using default page load timeout: '30'

07-04-2024T14:22:28 - [MESSAGE][PASSED] - Element 'Object Repository/AccountInfo/txt_success' is visible

07-04-2024T14:22:28 - [MESSAGE][INFO] - User set preference: ['appWaitActivity', '']

07-04-2024T14:22:28 - [MESSAGE][INFO] - User set preference: ['appWaitforLaunch', 'false']

07-04-2024T14:22:28 - [MESSAGE][INFO] - User set preference: ['deviceId', '']

07-04-2024T14:22:35 - [MESSAGE][PASSED] - Started app at: 'C:\Users\Administrator\Desktop\stuff\butkem\plat\Katalon Demo\23001065_18_K1_Challenge Kelompok 1 Mobile_Platinum\Apk\app-debug.apk'

07-04-2024T14:22:35 - [MESSAGE][WARNING] - Timeout '0' is invalid. Using default page load timeout: '30'

07-04-2024T14:22:38 - [MESSAGE][PASSED] - Element 'Object Repository/Login page/btn_akun' is present

07-04-2024T14:22:38 - [MESSAGE][WARNING] - Timeout '0' is invalid. Using default page load timeout: '30'

07-04-2024T14:22:39 - [MESSAGE][PASSED] - Element 'Object Repository/Dashboard/btn_akun' is visible

07-04-2024T14:22:39 - [MESSAGE][WARNING] - Timeout '0' is invalid. Using default page load timeout: '30'

07-04-2024T14:22:39 - [MESSAGE][PASSED] - Tapped on element 'Object Repository/Dashboard/btn_akun'

07-04-2024T14:22:39 - [MESSAGE][WARNING] - Timeout '0' is invalid. Using default page load timeout: '30'

07-04-2024T14:22:40 - [MESSAGE][PASSED] - Element 'Object Repository/Login page/btn_loginmsk' is present

07-04-2024T14:22:40 - [MESSAGE][WARNING] - Timeout '0' is invalid. Using default page load timeout: '30'

07-04-2024T14:22:40 - [MESSAGE][PASSED] - Element 'Object Repository/Login page/btn_loginmsk' is visible

07-04-2024T14:22:40 - [MESSAGE][WARNING] - Timeout '0' is invalid. Using default page load timeout: '30'

07-04-2024T14:22:40 - [MESSAGE][PASSED] - Tapped on element 'Object Repository/Login page/btn_loginmsk'

07-04-2024T14:22:40 - [MESSAGE][WARNING] - Timeout '0' is invalid. Using default page load timeout: '30'

07-04-2024T14:22:41 - [MESSAGE][PASSED] - Element 'Object Repository/Login page/TextArea_email' is present

07-04-2024T14:22:41 - [MESSAGE][WARNING] - Timeout '0' is invalid. Using default page load timeout: '30'

07-04-2024T14:22:41 - [MESSAGE][PASSED] - Element 'Object Repository/Login page/TextArea_email' is visible

07-04-2024T14:22:41 - [MESSAGE][WARNING] - Timeout '0' is invalid. Using default page load timeout: '30'

07-04-2024T14:22:41 - [MESSAGE][PASSED] - Element 'Object Repository/Login page/TextArea_password' is present

07-04-2024T14:22:41 - [MESSAGE][WARNING] - Timeout '0' is invalid. Using default page load timeout: '30'

07-04-2024T14:22:41 - [MESSAGE][PASSED] - Element 'Object Repository/Login page/TextArea_password' is visible

07-04-2024T14:22:41 - [MESSAGE][WARNING] - Timeout '0' is invalid. Using default page load timeout: '30'

07-04-2024T14:22:43 - [MESSAGE][PASSED] - Text 'sandra123@gmail.com' has been set to element 'Object Repository/Login page/TextArea_email'

07-04-2024T14:22:44 - [MESSAGE][PASSED] - Keyboard is hidden

07-04-2024T14:22:44 - [MESSAGE][WARNING] - Timeout '0' is invalid. Using default page load timeout: '30'

07-04-2024T14:22:46 - [MESSAGE][PASSED] - Text 'sandra123' has been set to element 'Object Repository/Login page/TextArea_password'

07-04-2024T14:22:48 - [MESSAGE][PASSED] - Keyboard is hidden

07-04-2024T14:22:48 - [MESSAGE][WARNING] - Timeout '0' is invalid. Using default page load timeout: '30'

07-04-2024T14:22:48 - [MESSAGE][PASSED] - Tapped on element 'Object Repository/Login page/btn_loginmsk'

07-04-2024T14:22:48 - [MESSAGE][WARNING] - Timeout '0' is invalid. Using default page load timeout: '30'

07-04-2024T14:22:50 - [MESSAGE][PASSED] - Element 'Object Repository/AkunMenu/btn_keluar' is visible

07-04-2024T14:22:50 - [MESSAGE][WARNING] - Timeout '0' is invalid. Using default page load timeout: '30'

07-04-2024T14:22:50 - [MESSAGE][PASSED] - Tapped on element 'Object Repository/AkunMenu/btn_edit'

07-04-2024T14:22:50 - [MESSAGE][WARNING] - Timeout '0' is invalid. Using default page load timeout: '30'

07-04-2024T14:22:50 - [MESSAGE][PASSED] - Element 'Object Repository/AccountInfo/txt_LengkapiInfoAkun' is present

07-04-2024T14:22:50 - [MESSAGE][WARNING] - Timeout '0' is invalid. Using default page load timeout: '30'

07-04-2024T14:22:50 - [MESSAGE][PASSED] - Element 'Object Repository/AccountInfo/txt_LengkapiInfoAkun' is visible

07-04-2024T14:22:50 - [MESSAGE][WARNING] - Timeout '0' is invalid. Using default page load timeout: '30'

07-04-2024T14:22:51 - [MESSAGE][PASSED] - Element 'Object Repository/AccountInfo/btn_nama' is present

07-04-2024T14:22:51 - [MESSAGE][WARNING] - Timeout '0' is invalid. Using default page load timeout: '30'

07-04-2024T14:22:51 - [MESSAGE][PASSED] - Element 'Object Repository/AccountInfo/btn_nama' is visible

07-04-2024T14:22:51 - [MESSAGE][WARNING] - Timeout '0' is invalid. Using default page load timeout: '30'

07-04-2024T14:22:51 - [MESSAGE][PASSED] - Tapped on element 'Object Repository/AccountInfo/btn_noHP'

07-04-2024T14:22:51 - [MESSAGE][WARNING] - Timeout '0' is invalid. Using default page load timeout: '30'

07-04-2024T14:22:54 - [MESSAGE][PASSED] - Text '081234567890123' has been set to element 'Object Repository/AccountInfo/TextArea_popUpFields'

07-04-2024T14:22:54 - [MESSAGE][PASSED] - Press back button successfully

07-04-2024T14:22:55 - [MESSAGE][PASSED] - Text of element 'Object Repository/AccountInfo/TextArea_popUpFields' is: '08123456789012'

07-04-2024T14:22:55 - [MESSAGE][PASSED] - Actual object '14' and expected object '14' are equal

07-04-2024T14:22:55 - [MESSAGE][WARNING] - Timeout '0' is invalid. Using default page load timeout: '30'

07-04-2024T14:22:55 - [MESSAGE][PASSED] - Element 'Object Repository/AccountInfo/txt_ubahNomorHP' is present

07-04-2024T14:22:55 - [MESSAGE][WARNING] - Timeout '0' is invalid. Using default page load timeout: '30'

07-04-2024T14:22:55 - [MESSAGE][PASSED] - Element 'Object Repository/AccountInfo/txt_ubahNomorHP' is visible

07-04-2024T14:22:55 - [MESSAGE][WARNING] - Timeout '0' is invalid. Using default page load timeout: '30'

07-04-2024T14:22:55 - [MESSAGE][PASSED] - Element 'Object Repository/AccountInfo/TextArea_popUpFields' is present

07-04-2024T14:22:55 - [MESSAGE][WARNING] - Timeout '0' is invalid. Using default page load timeout: '30'

07-04-2024T14:22:55 - [MESSAGE][PASSED] - Element 'Object Repository/AccountInfo/TextArea_popUpFields' is visible

07-04-2024T14:22:55 - [MESSAGE][INFO] - User set preference: ['appWaitActivity', '']

07-04-2024T14:22:55 - [MESSAGE][INFO] - User set preference: ['appWaitforLaunch', 'false']

07-04-2024T14:22:55 - [MESSAGE][INFO] - User set preference: ['deviceId', '']

07-04-2024T14:23:02 - [MESSAGE][PASSED] - Started app at: 'C:\Users\Administrator\Desktop\stuff\butkem\plat\Katalon Demo\23001065_18_K1_Challenge Kelompok 1 Mobile_Platinum\Apk\app-debug.apk'

07-04-2024T14:23:02 - [MESSAGE][WARNING] - Timeout '0' is invalid. Using default page load timeout: '30'

07-04-2024T14:23:07 - [MESSAGE][PASSED] - Element 'Object Repository/Login page/btn_akun' is present

07-04-2024T14:23:07 - [MESSAGE][WARNING] - Timeout '0' is invalid. Using default page load timeout: '30'

07-04-2024T14:23:07 - [MESSAGE][PASSED] - Element 'Object Repository/Dashboard/btn_akun' is visible

07-04-2024T14:23:07 - [MESSAGE][WARNING] - Timeout '0' is invalid. Using default page load timeout: '30'

07-04-2024T14:23:07 - [MESSAGE][PASSED] - Tapped on element 'Object Repository/Dashboard/btn_akun'

07-04-2024T14:23:07 - [MESSAGE][WARNING] - Timeout '0' is invalid. Using default page load timeout: '30'

07-04-2024T14:23:07 - [MESSAGE][PASSED] - Element 'Object Repository/Login page/btn_loginmsk' is present

07-04-2024T14:23:07 - [MESSAGE][WARNING] - Timeout '0' is invalid. Using default page load timeout: '30'

07-04-2024T14:23:08 - [MESSAGE][PASSED] - Element 'Object Repository/Login page/btn_loginmsk' is visible

07-04-2024T14:23:08 - [MESSAGE][WARNING] - Timeout '0' is invalid. Using default page load timeout: '30'

07-04-2024T14:23:08 - [MESSAGE][PASSED] - Tapped on element 'Object Repository/Login page/btn_loginmsk'

07-04-2024T14:23:08 - [MESSAGE][WARNING] - Timeout '0' is invalid. Using default page load timeout: '30'

07-04-2024T14:23:08 - [MESSAGE][PASSED] - Element 'Object Repository/Login page/TextArea_email' is present

07-04-2024T14:23:08 - [MESSAGE][WARNING] - Timeout '0' is invalid. Using default page load timeout: '30'

07-04-2024T14:23:08 - [MESSAGE][PASSED] - Element 'Object Repository/Login page/TextArea_email' is visible

07-04-2024T14:23:08 - [MESSAGE][WARNING] - Timeout '0' is invalid. Using default page load timeout: '30'

07-04-2024T14:23:08 - [MESSAGE][PASSED] - Element 'Object Repository/Login page/TextArea_password' is present

07-04-2024T14:23:08 - [MESSAGE][WARNING] - Timeout '0' is invalid. Using default page load timeout: '30'

07-04-2024T14:23:08 - [MESSAGE][PASSED] - Element 'Object Repository/Login page/TextArea_password' is visible

07-04-2024T14:23:08 - [MESSAGE][WARNING] - Timeout '0' is invalid. Using default page load timeout: '30'

07-04-2024T14:23:10 - [MESSAGE][PASSED] - Text 'sandra123@gmail.com' has been set to element 'Object Repository/Login page/TextArea_email'

07-04-2024T14:23:11 - [MESSAGE][PASSED] - Keyboard is hidden

07-04-2024T14:23:11 - [MESSAGE][WARNING] - Timeout '0' is invalid. Using default page load timeout: '30'

07-04-2024T14:23:13 - [MESSAGE][PASSED] - Text 'sandra123' has been set to element 'Object Repository/Login page/TextArea_password'

07-04-2024T14:23:16 - [MESSAGE][PASSED] - Keyboard is hidden

07-04-2024T14:23:16 - [MESSAGE][WARNING] - Timeout '0' is invalid. Using default page load timeout: '30'

07-04-2024T14:23:17 - [MESSAGE][PASSED] - Tapped on element 'Object Repository/Login page/btn_loginmsk'

07-04-2024T14:23:17 - [MESSAGE][WARNING] - Timeout '0' is invalid. Using default page load timeout: '30'

07-04-2024T14:23:17 - [MESSAGE][PASSED] - Element 'Object Repository/AkunMenu/btn_keluar' is visible

07-04-2024T14:23:17 - [MESSAGE][WARNING] - Timeout '0' is invalid. Using default page load timeout: '30'

07-04-2024T14:23:17 - [MESSAGE][PASSED] - Tapped on element 'Object Repository/AkunMenu/btn_edit'

07-04-2024T14:23:17 - [MESSAGE][WARNING] - Timeout '0' is invalid. Using default page load timeout: '30'

07-04-2024T14:23:18 - [MESSAGE][PASSED] - Element 'Object Repository/AccountInfo/txt_LengkapiInfoAkun' is present

07-04-2024T14:23:18 - [MESSAGE][WARNING] - Timeout '0' is invalid. Using default page load timeout: '30'

07-04-2024T14:23:18 - [MESSAGE][PASSED] - Element 'Object Repository/AccountInfo/txt_LengkapiInfoAkun' is visible

07-04-2024T14:23:18 - [MESSAGE][WARNING] - Timeout '0' is invalid. Using default page load timeout: '30'

07-04-2024T14:23:18 - [MESSAGE][PASSED] - Element 'Object Repository/AccountInfo/btn_nama' is present

07-04-2024T14:23:18 - [MESSAGE][WARNING] - Timeout '0' is invalid. Using default page load timeout: '30'

07-04-2024T14:23:18 - [MESSAGE][PASSED] - Element 'Object Repository/AccountInfo/btn_nama' is visible

07-04-2024T14:23:18 - [MESSAGE][WARNING] - Timeout '0' is invalid. Using default page load timeout: '30'

07-04-2024T14:23:18 - [MESSAGE][PASSED] - Tapped on element 'Object Repository/AccountInfo/btn_nama'

07-04-2024T14:23:19 - [MESSAGE][WARNING] - Timeout '0' is invalid. Using default page load timeout: '30'

07-04-2024T14:23:20 - [MESSAGE][PASSED] - Tapped on element 'Object Repository/AccountInfo/TextArea_popUpFields'

07-04-2024T14:23:20 - [MESSAGE][WARNING] - Timeout '0' is invalid. Using default page load timeout: '30'

07-04-2024T14:23:20 - [MESSAGE][PASSED] - Tapped on element 'Object Repository/AccountInfo/btn_clear'

07-04-2024T14:23:21 - [MESSAGE][PASSED] - Press back button successfully

07-04-2024T14:23:21 - [MESSAGE][WARNING] - Timeout '0' is invalid. Using default page load timeout: '30'

07-04-2024T14:23:22 - [MESSAGE][PASSED] - Tapped on element 'Object Repository/AccountInfo/btn_simpan'

07-04-2024T14:23:22 - [MESSAGE][WARNING] - Timeout '0' is invalid. Using default page load timeout: '30'

07-04-2024T14:23:22 - [MESSAGE][PASSED] - Element 'Object Repository/AccountInfo/icon_warning' is present

07-04-2024T14:23:22 - [MESSAGE][WARNING] - Timeout '0' is invalid. Using default page load timeout: '30'

07-04-2024T14:23:22 - [MESSAGE][PASSED] - Element 'Object Repository/AccountInfo/icon_warning' is visible

07-04-2024T14:23:22 - [MESSAGE][WARNING] - Timeout '0' is invalid. Using default page load timeout: '30'

07-04-2024T14:23:22 - [MESSAGE][PASSED] - Element 'Object Repository/AccountInfo/txt_wajibDiisi' is present

07-04-2024T14:23:22 - [MESSAGE][WARNING] - Timeout '0' is invalid. Using default page load timeout: '30'

07-04-2024T14:23:22 - [MESSAGE][PASSED] - Element 'Object Repository/AccountInfo/txt_wajibDiisi' is visible

07-04-2024T14:23:22 - [MESSAGE][INFO] - User set preference: ['appWaitActivity', '']

07-04-2024T14:23:22 - [MESSAGE][INFO] - User set preference: ['appWaitforLaunch', 'false']

07-04-2024T14:23:22 - [MESSAGE][INFO] - User set preference: ['deviceId', '']

07-04-2024T14:23:29 - [MESSAGE][PASSED] - Started app at: 'C:\Users\Administrator\Desktop\stuff\butkem\plat\Katalon Demo\23001065_18_K1_Challenge Kelompok 1 Mobile_Platinum\Apk\app-debug.apk'

07-04-2024T14:23:29 - [MESSAGE][WARNING] - Timeout '0' is invalid. Using default page load timeout: '30'

07-04-2024T14:23:34 - [MESSAGE][PASSED] - Element 'Object Repository/Login page/btn_akun' is present

07-04-2024T14:23:34 - [MESSAGE][WARNING] - Timeout '0' is invalid. Using default page load timeout: '30'

07-04-2024T14:23:34 - [MESSAGE][PASSED] - Element 'Object Repository/Dashboard/btn_akun' is visible

07-04-2024T14:23:34 - [MESSAGE][WARNING] - Timeout '0' is invalid. Using default page load timeout: '30'

07-04-2024T14:23:34 - [MESSAGE][PASSED] - Tapped on element 'Object Repository/Dashboard/btn_akun'

07-04-2024T14:23:34 - [MESSAGE][WARNING] - Timeout '0' is invalid. Using default page load timeout: '30'

07-04-2024T14:23:35 - [MESSAGE][PASSED] - Element 'Object Repository/Login page/btn_loginmsk' is present

07-04-2024T14:23:35 - [MESSAGE][WARNING] - Timeout '0' is invalid. Using default page load timeout: '30'

07-04-2024T14:23:35 - [MESSAGE][PASSED] - Element 'Object Repository/Login page/btn_loginmsk' is visible

07-04-2024T14:23:35 - [MESSAGE][WARNING] - Timeout '0' is invalid. Using default page load timeout: '30'

07-04-2024T14:23:35 - [MESSAGE][PASSED] - Tapped on element 'Object Repository/Login page/btn_loginmsk'

07-04-2024T14:23:35 - [MESSAGE][WARNING] - Timeout '0' is invalid. Using default page load timeout: '30'

07-04-2024T14:23:36 - [MESSAGE][PASSED] - Element 'Object Repository/Login page/TextArea_email' is present

07-04-2024T14:23:36 - [MESSAGE][WARNING] - Timeout '0' is invalid. Using default page load timeout: '30'

07-04-2024T14:23:36 - [MESSAGE][PASSED] - Element 'Object Repository/Login page/TextArea_email' is visible

07-04-2024T14:23:36 - [MESSAGE][WARNING] - Timeout '0' is invalid. Using default page load timeout: '30'

07-04-2024T14:23:36 - [MESSAGE][PASSED] - Element 'Object Repository/Login page/TextArea_password' is present

07-04-2024T14:23:36 - [MESSAGE][WARNING] - Timeout '0' is invalid. Using default page load timeout: '30'

07-04-2024T14:23:36 - [MESSAGE][PASSED] - Element 'Object Repository/Login page/TextArea_password' is visible

07-04-2024T14:23:36 - [MESSAGE][WARNING] - Timeout '0' is invalid. Using default page load timeout: '30'

07-04-2024T14:23:38 - [MESSAGE][PASSED] - Text 'sandra123@gmail.com' has been set to element 'Object Repository/Login page/TextArea_email'

07-04-2024T14:23:39 - [MESSAGE][PASSED] - Keyboard is hidden

07-04-2024T14:23:39 - [MESSAGE][WARNING] - Timeout '0' is invalid. Using default page load timeout: '30'

07-04-2024T14:23:40 - [MESSAGE][PASSED] - Text 'sandra123' has been set to element 'Object Repository/Login page/TextArea_password'

07-04-2024T14:23:43 - [MESSAGE][PASSED] - Keyboard is hidden

07-04-2024T14:23:43 - [MESSAGE][WARNING] - Timeout '0' is invalid. Using default page load timeout: '30'

07-04-2024T14:23:43 - [MESSAGE][PASSED] - Tapped on element 'Object Repository/Login page/btn_loginmsk'

07-04-2024T14:23:43 - [MESSAGE][WARNING] - Timeout '0' is invalid. Using default page load timeout: '30'

07-04-2024T14:23:44 - [MESSAGE][PASSED] - Element 'Object Repository/AkunMenu/btn_keluar' is visible

07-04-2024T14:23:44 - [MESSAGE][INFO] - User set preference: ['appWaitActivity', '']

07-04-2024T14:23:44 - [MESSAGE][INFO] - User set preference: ['appWaitforLaunch', 'false']

07-04-2024T14:23:44 - [MESSAGE][INFO] - User set preference: ['deviceId', '']

07-04-2024T14:23:51 - [MESSAGE][PASSED] - Started app at: 'C:\Users\Administrator\Desktop\stuff\butkem\plat\Katalon Demo\23001065_18_K1_Challenge Kelompok 1 Mobile_Platinum\Apk\app-debug.apk'

07-04-2024T14:23:52 - [MESSAGE][WARNING] - Timeout '0' is invalid. Using default page load timeout: '30'

07-04-2024T14:23:56 - [MESSAGE][PASSED] - Element 'Object Repository/Login page/btn_akun' is present

07-04-2024T14:23:56 - [MESSAGE][WARNING] - Timeout '0' is invalid. Using default page load timeout: '30'

07-04-2024T14:23:56 - [MESSAGE][PASSED] - Element 'Object Repository/Dashboard/btn_akun' is visible

07-04-2024T14:23:56 - [MESSAGE][WARNING] - Timeout '0' is invalid. Using default page load timeout: '30'

07-04-2024T14:23:56 - [MESSAGE][PASSED] - Tapped on element 'Object Repository/Dashboard/btn_akun'

07-04-2024T14:23:56 - [MESSAGE][WARNING] - Timeout '0' is invalid. Using default page load timeout: '30'

07-04-2024T14:23:57 - [MESSAGE][PASSED] - Element 'Object Repository/Login page/btn_loginmsk' is present

07-04-2024T14:23:57 - [MESSAGE][WARNING] - Timeout '0' is invalid. Using default page load timeout: '30'

07-04-2024T14:23:57 - [MESSAGE][PASSED] - Element 'Object Repository/Login page/btn_loginmsk' is visible

07-04-2024T14:23:57 - [MESSAGE][WARNING] - Timeout '0' is invalid. Using default page load timeout: '30'

07-04-2024T14:23:57 - [MESSAGE][PASSED] - Tapped on element 'Object Repository/Login page/btn_loginmsk'

07-04-2024T14:23:57 - [MESSAGE][WARNING] - Timeout '0' is invalid. Using default page load timeout: '30'

07-04-2024T14:23:57 - [MESSAGE][PASSED] - Element 'Object Repository/Login page/TextArea_email' is present

07-04-2024T14:23:57 - [MESSAGE][WARNING] - Timeout '0' is invalid. Using default page load timeout: '30'

07-04-2024T14:23:58 - [MESSAGE][PASSED] - Element 'Object Repository/Login page/TextArea_email' is visible

07-04-2024T14:23:58 - [MESSAGE][WARNING] - Timeout '0' is invalid. Using default page load timeout: '30'

07-04-2024T14:23:58 - [MESSAGE][PASSED] - Element 'Object Repository/Login page/TextArea_password' is present

07-04-2024T14:23:58 - [MESSAGE][WARNING] - Timeout '0' is invalid. Using default page load timeout: '30'

07-04-2024T14:23:58 - [MESSAGE][PASSED] - Element 'Object Repository/Login page/TextArea_password' is visible

07-04-2024T14:23:58 - [MESSAGE][WARNING] - Timeout '0' is invalid. Using default page load timeout: '30'

07-04-2024T14:24:00 - [MESSAGE][PASSED] - Text 'sandjsaxj@gmail.com' has been set to element 'Object Repository/Login page/TextArea_email'

07-04-2024T14:24:01 - [MESSAGE][PASSED] - Keyboard is hidden

07-04-2024T14:24:01 - [MESSAGE][WARNING] - Timeout '0' is invalid. Using default page load timeout: '30'

07-04-2024T14:24:02 - [MESSAGE][PASSED] - Text 'asdhxasixhi' has been set to element 'Object Repository/Login page/TextArea_password'

07-04-2024T14:24:05 - [MESSAGE][PASSED] - Keyboard is hidden

07-04-2024T14:24:05 - [MESSAGE][WARNING] - Timeout '0' is invalid. Using default page load timeout: '30'

07-04-2024T14:24:05 - [MESSAGE][PASSED] - Tapped on element 'Object Repository/Login page/btn_loginmsk'

07-04-2024T14:24:06 - [MESSAGE][INFO] - User set preference: ['appWaitActivity', '']

07-04-2024T14:24:06 - [MESSAGE][INFO] - User set preference: ['appWaitforLaunch', 'false']

07-04-2024T14:24:06 - [MESSAGE][INFO] - User set preference: ['deviceId', '']

07-04-2024T14:24:13 - [MESSAGE][PASSED] - Started app at: 'C:\Users\Administrator\Desktop\stuff\butkem\plat\Katalon Demo\23001065_18_K1_Challenge Kelompok 1 Mobile_Platinum\Apk\app-debug.apk'

07-04-2024T14:24:13 - [MESSAGE][WARNING] - Timeout '0' is invalid. Using default page load timeout: '30'

07-04-2024T14:24:16 - [MESSAGE][PASSED] - Element 'Object Repository/Login page/btn_akun' is present

07-04-2024T14:24:16 - [MESSAGE][WARNING] - Timeout '0' is invalid. Using default page load timeout: '30'

07-04-2024T14:24:17 - [MESSAGE][PASSED] - Element 'Object Repository/Dashboard/btn_akun' is visible

07-04-2024T14:24:17 - [MESSAGE][WARNING] - Timeout '0' is invalid. Using default page load timeout: '30'

07-04-2024T14:24:17 - [MESSAGE][PASSED] - Tapped on element 'Object Repository/Dashboard/btn_akun'

07-04-2024T14:24:17 - [MESSAGE][WARNING] - Timeout '0' is invalid. Using default page load timeout: '30'

07-04-2024T14:24:18 - [MESSAGE][PASSED] - Element 'Object Repository/Login page/btn_loginmsk' is present

07-04-2024T14:24:18 - [MESSAGE][WARNING] - Timeout '0' is invalid. Using default page load timeout: '30'

07-04-2024T14:24:18 - [MESSAGE][PASSED] - Element 'Object Repository/Login page/btn_loginmsk' is visible

07-04-2024T14:24:18 - [MESSAGE][WARNING] - Timeout '0' is invalid. Using default page load timeout: '30'

07-04-2024T14:24:18 - [MESSAGE][PASSED] - Tapped on element 'Object Repository/Login page/btn_loginmsk'

07-04-2024T14:24:18 - [MESSAGE][WARNING] - Timeout '0' is invalid. Using default page load timeout: '30'

07-04-2024T14:24:19 - [MESSAGE][PASSED] - Element 'Object Repository/Login page/TextArea_email' is present

07-04-2024T14:24:19 - [MESSAGE][WARNING] - Timeout '0' is invalid. Using default page load timeout: '30'

07-04-2024T14:24:19 - [MESSAGE][PASSED] - Element 'Object Repository/Login page/TextArea_email' is visible

07-04-2024T14:24:19 - [MESSAGE][WARNING] - Timeout '0' is invalid. Using default page load timeout: '30'

07-04-2024T14:24:19 - [MESSAGE][PASSED] - Element 'Object Repository/Login page/TextArea_password' is present

07-04-2024T14:24:19 - [MESSAGE][WARNING] - Timeout '0' is invalid. Using default page load timeout: '30'

07-04-2024T14:24:19 - [MESSAGE][PASSED] - Element 'Object Repository/Login page/TextArea_password' is visible

07-04-2024T14:24:19 - [MESSAGE][WARNING] - Timeout '0' is invalid. Using default page load timeout: '30'

07-04-2024T14:24:21 - [MESSAGE][PASSED] - Text '' has been set to element 'Object Repository/Login page/TextArea_email'

07-04-2024T14:24:22 - [MESSAGE][PASSED] - Keyboard is hidden

07-04-2024T14:24:22 - [MESSAGE][WARNING] - Timeout '0' is invalid. Using default page load timeout: '30'

07-04-2024T14:24:24 - [MESSAGE][PASSED] - Text '' has been set to element 'Object Repository/Login page/TextArea_password'

07-04-2024T14:24:26 - [MESSAGE][PASSED] - Keyboard is hidden

07-04-2024T14:24:26 - [MESSAGE][WARNING] - Timeout '0' is invalid. Using default page load timeout: '30'

07-04-2024T14:24:26 - [MESSAGE][PASSED] - Tapped on element 'Object Repository/Login page/btn_loginmsk'

07-04-2024T14:24:26 - [MESSAGE][WARNING] - Timeout '0' is invalid. Using default page load timeout: '30'

07-04-2024T14:24:27 - [MESSAGE][PASSED] - Element 'Object Repository/Login page/btn_pw_tidak_boleh_kosong' is visible

07-04-2024T14:24:27 - [MESSAGE][INFO] - User set preference: ['appWaitActivity', '']

07-04-2024T14:24:27 - [MESSAGE][INFO] - User set preference: ['appWaitforLaunch', 'false']

07-04-2024T14:24:27 - [MESSAGE][INFO] - User set preference: ['deviceId', '']

07-04-2024T14:24:34 - [MESSAGE][PASSED] - Started app at: 'C:\Users\Administrator\Desktop\stuff\butkem\plat\Katalon Demo\23001065_18_K1_Challenge Kelompok 1 Mobile_Platinum\Apk\app-debug.apk'

07-04-2024T14:24:34 - [MESSAGE][WARNING] - Timeout '0' is invalid. Using default page load timeout: '30'

07-04-2024T14:24:38 - [MESSAGE][PASSED] - Element 'Object Repository/Login page/btn_akun' is present

07-04-2024T14:24:38 - [MESSAGE][WARNING] - Timeout '0' is invalid. Using default page load timeout: '30'

07-04-2024T14:24:39 - [MESSAGE][PASSED] - Element 'Object Repository/Dashboard/btn_akun' is visible

07-04-2024T14:24:39 - [MESSAGE][WARNING] - Timeout '0' is invalid. Using default page load timeout: '30'

07-04-2024T14:24:39 - [MESSAGE][PASSED] - Tapped on element 'Object Repository/Dashboard/btn_akun'

07-04-2024T14:24:39 - [MESSAGE][WARNING] - Timeout '0' is invalid. Using default page load timeout: '30'

07-04-2024T14:24:39 - [MESSAGE][PASSED] - Element 'Object Repository/Login page/btn_loginmsk' is present

07-04-2024T14:24:39 - [MESSAGE][WARNING] - Timeout '0' is invalid. Using default page load timeout: '30'

07-04-2024T14:24:39 - [MESSAGE][PASSED] - Element 'Object Repository/Login page/btn_loginmsk' is visible

07-04-2024T14:24:39 - [MESSAGE][WARNING] - Timeout '0' is invalid. Using default page load timeout: '30'

07-04-2024T14:24:40 - [MESSAGE][PASSED] - Tapped on element 'Object Repository/Login page/btn_loginmsk'

07-04-2024T14:24:40 - [MESSAGE][WARNING] - Timeout '0' is invalid. Using default page load timeout: '30'

07-04-2024T14:24:40 - [MESSAGE][PASSED] - Element 'Object Repository/Login page/TextArea_email' is present

07-04-2024T14:24:40 - [MESSAGE][WARNING] - Timeout '0' is invalid. Using default page load timeout: '30'

07-04-2024T14:24:40 - [MESSAGE][PASSED] - Element 'Object Repository/Login page/TextArea_email' is visible

07-04-2024T14:24:40 - [MESSAGE][WARNING] - Timeout '0' is invalid. Using default page load timeout: '30'

07-04-2024T14:24:40 - [MESSAGE][PASSED] - Element 'Object Repository/Login page/TextArea_password' is present

07-04-2024T14:24:40 - [MESSAGE][WARNING] - Timeout '0' is invalid. Using default page load timeout: '30'

07-04-2024T14:24:40 - [MESSAGE][PASSED] - Element 'Object Repository/Login page/TextArea_password' is visible

07-04-2024T14:24:40 - [MESSAGE][WARNING] - Timeout '0' is invalid. Using default page load timeout: '30'

07-04-2024T14:24:42 - [MESSAGE][PASSED] - Text 'sandra123@gmail.com' has been set to element 'Object Repository/Login page/TextArea_email'

07-04-2024T14:24:43 - [MESSAGE][PASSED] - Keyboard is hidden

07-04-2024T14:24:43 - [MESSAGE][WARNING] - Timeout '0' is invalid. Using default page load timeout: '30'

07-04-2024T14:24:45 - [MESSAGE][PASSED] - Text 'sandra123' has been set to element 'Object Repository/Login page/TextArea_password'

07-04-2024T14:24:48 - [MESSAGE][PASSED] - Keyboard is hidden

07-04-2024T14:24:48 - [MESSAGE][WARNING] - Timeout '0' is invalid. Using default page load timeout: '30'

07-04-2024T14:24:48 - [MESSAGE][PASSED] - Tapped on element 'Object Repository/Login page/btn_loginmsk'

07-04-2024T14:24:48 - [MESSAGE][WARNING] - Timeout '0' is invalid. Using default page load timeout: '30'

07-04-2024T14:24:51 - [MESSAGE][PASSED] - Element 'Object Repository/AkunMenu/btn_keluar' is visible

07-04-2024T14:24:51 - [MESSAGE][WARNING] - Timeout '0' is invalid. Using default page load timeout: '30'

07-04-2024T14:24:51 - [MESSAGE][PASSED] - Tapped on element 'Object Repository/AkunMenu/btn_keluar'

07-04-2024T14:24:51 - [MESSAGE][WARNING] - Timeout '0' is invalid. Using default page load timeout: '30'

07-04-2024T14:24:54 - [MESSAGE][PASSED] - Element 'Object Repository/Dashboard/product_1' is visible

07-04-2024T14:24:54 - [MESSAGE][INFO] - User set preference: ['appWaitActivity', '']

07-04-2024T14:24:54 - [MESSAGE][INFO] - User set preference: ['appWaitforLaunch', 'false']

07-04-2024T14:24:54 - [MESSAGE][INFO] - User set preference: ['deviceId', '']

07-04-2024T14:25:01 - [MESSAGE][PASSED] - Started app at: 'C:\Users\Administrator\Desktop\stuff\butkem\plat\Katalon Demo\23001065_18_K1_Challenge Kelompok 1 Mobile_Platinum\Apk\app-debug.apk'

07-04-2024T14:25:01 - [MESSAGE][WARNING] - Timeout '0' is invalid. Using default page load timeout: '30'

07-04-2024T14:25:06 - [MESSAGE][PASSED] - Element 'Object Repository/Dashboard/btn_akun' is present

07-04-2024T14:25:06 - [MESSAGE][WARNING] - Timeout '0' is invalid. Using default page load timeout: '30'

07-04-2024T14:25:06 - [MESSAGE][PASSED] - Element 'Object Repository/Dashboard/btn_akun' is visible

07-04-2024T14:25:06 - [MESSAGE][WARNING] - Timeout '0' is invalid. Using default page load timeout: '30'

07-04-2024T14:25:06 - [MESSAGE][PASSED] - Element 'Object Repository/Dashboard/btn_jual' is present

07-04-2024T14:25:06 - [MESSAGE][WARNING] - Timeout '0' is invalid. Using default page load timeout: '30'

07-04-2024T14:25:06 - [MESSAGE][PASSED] - Element 'Object Repository/Dashboard/btn_jual' is visible

07-04-2024T14:25:06 - [MESSAGE][WARNING] - Timeout '0' is invalid. Using default page load timeout: '30'

07-04-2024T14:25:06 - [MESSAGE][PASSED] - Tapped on element 'Object Repository/Dashboard/btn_akun'

07-04-2024T14:25:06 - [MESSAGE][WARNING] - Timeout '0' is invalid. Using default page load timeout: '30'

07-04-2024T14:25:07 - [MESSAGE][PASSED] - Element 'Object Repository/Login page/btn_loginmsk' is present

07-04-2024T14:25:07 - [MESSAGE][WARNING] - Timeout '0' is invalid. Using default page load timeout: '30'

07-04-2024T14:25:07 - [MESSAGE][PASSED] - Element 'Object Repository/Login page/btn_loginmsk' is visible

07-04-2024T14:25:07 - [MESSAGE][WARNING] - Timeout '0' is invalid. Using default page load timeout: '30'

07-04-2024T14:25:07 - [MESSAGE][PASSED] - Tapped on element 'Object Repository/Login page/btn_loginmsk'

07-04-2024T14:25:07 - [MESSAGE][WARNING] - Timeout '0' is invalid. Using default page load timeout: '30'

07-04-2024T14:25:07 - [MESSAGE][PASSED] - Element 'Object Repository/Login page/TextArea_email' is present

07-04-2024T14:25:07 - [MESSAGE][WARNING] - Timeout '0' is invalid. Using default page load timeout: '30'

07-04-2024T14:25:08 - [MESSAGE][PASSED] - Element 'Object Repository/Login page/TextArea_email' is visible

07-04-2024T14:25:08 - [MESSAGE][WARNING] - Timeout '0' is invalid. Using default page load timeout: '30'

07-04-2024T14:25:08 - [MESSAGE][PASSED] - Element 'Object Repository/Login page/TextArea_password' is present

07-04-2024T14:25:08 - [MESSAGE][WARNING] - Timeout '0' is invalid. Using default page load timeout: '30'

07-04-2024T14:25:08 - [MESSAGE][PASSED] - Element 'Object Repository/Login page/TextArea_password' is visible

07-04-2024T14:25:08 - [MESSAGE][WARNING] - Timeout '0' is invalid. Using default page load timeout: '30'

07-04-2024T14:25:08 - [MESSAGE][PASSED] - Tapped on element 'Object Repository/Login page/text_daftar'

07-04-2024T14:25:08 - [MESSAGE][WARNING] - Timeout '0' is invalid. Using default page load timeout: '30'

07-04-2024T14:25:08 - [MESSAGE][PASSED] - Element 'Object Repository/Register/TextBox _nama' is present

07-04-2024T14:25:08 - [MESSAGE][WARNING] - Timeout '0' is invalid. Using default page load timeout: '30'

07-04-2024T14:25:08 - [MESSAGE][PASSED] - Element 'Object Repository/Register/TextBox _nama' is visible

07-04-2024T14:25:09 - [MESSAGE][WARNING] - Timeout '0' is invalid. Using default page load timeout: '30'

07-04-2024T14:25:09 - [MESSAGE][PASSED] - Element 'Object Repository/Register/TextBox_ email' is present

07-04-2024T14:25:09 - [MESSAGE][WARNING] - Timeout '0' is invalid. Using default page load timeout: '30'

07-04-2024T14:25:09 - [MESSAGE][PASSED] - Element 'Object Repository/Register/TextBox_ email' is visible

07-04-2024T14:25:09 - [MESSAGE][INFO] - User set preference: ['appWaitActivity', '']

07-04-2024T14:25:09 - [MESSAGE][INFO] - User set preference: ['appWaitforLaunch', 'false']

07-04-2024T14:25:09 - [MESSAGE][INFO] - User set preference: ['deviceId', '']

07-04-2024T14:25:16 - [MESSAGE][PASSED] - Started app at: 'C:\Users\Administrator\Desktop\stuff\butkem\plat\Katalon Demo\23001065_18_K1_Challenge Kelompok 1 Mobile_Platinum\Apk\app-debug.apk'

07-04-2024T14:25:16 - [MESSAGE][WARNING] - Timeout '0' is invalid. Using default page load timeout: '30'

07-04-2024T14:25:19 - [MESSAGE][PASSED] - Element 'Object Repository/Dashboard/btn_akun' is present

07-04-2024T14:25:19 - [MESSAGE][WARNING] - Timeout '0' is invalid. Using default page load timeout: '30'

07-04-2024T14:25:20 - [MESSAGE][PASSED] - Element 'Object Repository/Dashboard/btn_akun' is visible

07-04-2024T14:25:20 - [MESSAGE][WARNING] - Timeout '0' is invalid. Using default page load timeout: '30'

07-04-2024T14:25:20 - [MESSAGE][PASSED] - Element 'Object Repository/Dashboard/btn_jual' is present

07-04-2024T14:25:20 - [MESSAGE][WARNING] - Timeout '0' is invalid. Using default page load timeout: '30'

07-04-2024T14:25:21 - [MESSAGE][PASSED] - Element 'Object Repository/Dashboard/btn_jual' is visible

07-04-2024T14:25:21 - [MESSAGE][WARNING] - Timeout '0' is invalid. Using default page load timeout: '30'

07-04-2024T14:25:21 - [MESSAGE][PASSED] - Tapped on element 'Object Repository/Dashboard/btn_akun'

07-04-2024T14:25:21 - [MESSAGE][WARNING] - Timeout '0' is invalid. Using default page load timeout: '30'

07-04-2024T14:25:21 - [MESSAGE][PASSED] - Element 'Object Repository/Login page/btn_loginmsk' is present

07-04-2024T14:25:21 - [MESSAGE][WARNING] - Timeout '0' is invalid. Using default page load timeout: '30'

07-04-2024T14:25:21 - [MESSAGE][PASSED] - Element 'Object Repository/Login page/btn_loginmsk' is visible

07-04-2024T14:25:21 - [MESSAGE][WARNING] - Timeout '0' is invalid. Using default page load timeout: '30'

07-04-2024T14:25:22 - [MESSAGE][PASSED] - Tapped on element 'Object Repository/Login page/btn_loginmsk'

07-04-2024T14:25:22 - [MESSAGE][WARNING] - Timeout '0' is invalid. Using default page load timeout: '30'

07-04-2024T14:25:22 - [MESSAGE][PASSED] - Element 'Object Repository/Login page/TextArea_email' is present

07-04-2024T14:25:22 - [MESSAGE][WARNING] - Timeout '0' is invalid. Using default page load timeout: '30'

07-04-2024T14:25:22 - [MESSAGE][PASSED] - Element 'Object Repository/Login page/TextArea_email' is visible

07-04-2024T14:25:22 - [MESSAGE][WARNING] - Timeout '0' is invalid. Using default page load timeout: '30'

07-04-2024T14:25:22 - [MESSAGE][PASSED] - Element 'Object Repository/Login page/TextArea_password' is present

07-04-2024T14:25:22 - [MESSAGE][WARNING] - Timeout '0' is invalid. Using default page load timeout: '30'

07-04-2024T14:25:22 - [MESSAGE][PASSED] - Element 'Object Repository/Login page/TextArea_password' is visible

07-04-2024T14:25:22 - [MESSAGE][WARNING] - Timeout '0' is invalid. Using default page load timeout: '30'

07-04-2024T14:25:22 - [MESSAGE][PASSED] - Tapped on element 'Object Repository/Login page/text_daftar'

07-04-2024T14:25:22 - [MESSAGE][WARNING] - Timeout '0' is invalid. Using default page load timeout: '30'

07-04-2024T14:25:23 - [MESSAGE][PASSED] - Element 'Object Repository/Register/TextBox _nama' is present

07-04-2024T14:25:23 - [MESSAGE][WARNING] - Timeout '0' is invalid. Using default page load timeout: '30'

07-04-2024T14:25:23 - [MESSAGE][PASSED] - Element 'Object Repository/Register/TextBox _nama' is visible

07-04-2024T14:25:23 - [MESSAGE][WARNING] - Timeout '0' is invalid. Using default page load timeout: '30'

07-04-2024T14:25:23 - [MESSAGE][PASSED] - Element 'Object Repository/Register/TextBox_ email' is present

07-04-2024T14:25:23 - [MESSAGE][WARNING] - Timeout '0' is invalid. Using default page load timeout: '30'

07-04-2024T14:25:24 - [MESSAGE][PASSED] - Element 'Object Repository/Register/TextBox_ email' is visible

07-04-2024T14:25:24 - [MESSAGE][WARNING] - Timeout '0' is invalid. Using default page load timeout: '30'

07-04-2024T14:25:26 - [MESSAGE][PASSED] - Text 'testing kirkal' has been set to element 'Object Repository/Register/TextBox _nama'

07-04-2024T14:25:26 - [MESSAGE][PASSED] - Keyboard is hidden

07-04-2024T14:25:27 - [MESSAGE][WARNING] - Timeout '0' is invalid. Using default page load timeout: '30'

07-04-2024T14:25:29 - [MESSAGE][PASSED] - Text 'testing324@gmail.com' has been set to element 'Object Repository/Register/TextBox_ email'

07-04-2024T14:25:29 - [MESSAGE][PASSED] - Keyboard is hidden

07-04-2024T14:25:29 - [MESSAGE][WARNING] - Timeout '0' is invalid. Using default page load timeout: '30'

07-04-2024T14:25:31 - [MESSAGE][PASSED] - Text 'test123456789' has been set to element 'Object Repository/Register/TextBox_password'

07-04-2024T14:25:34 - [MESSAGE][PASSED] - Keyboard is hidden

07-04-2024T14:25:34 - [MESSAGE][WARNING] - Timeout '0' is invalid. Using default page load timeout: '30'

07-04-2024T14:25:36 - [MESSAGE][PASSED] - Text '081234567890' has been set to element 'Object Repository/Register/TextBox_nomorHP'

07-04-2024T14:25:38 - [MESSAGE][PASSED] - Keyboard is hidden

07-04-2024T14:25:38 - [MESSAGE][WARNING] - Timeout '0' is invalid. Using default page load timeout: '30'

07-04-2024T14:25:40 - [MESSAGE][PASSED] - Text 'Samarinda' has been set to element 'Object Repository/Register/TextBox_kota'

07-04-2024T14:25:41 - [MESSAGE][PASSED] - Keyboard is hidden

07-04-2024T14:25:41 - [MESSAGE][WARNING] - Timeout '0' is invalid. Using default page load timeout: '30'

07-04-2024T14:25:43 - [MESSAGE][PASSED] - Text 'Jl. Bung Tomo' has been set to element 'Object Repository/Register/TexBox_alamat'

07-04-2024T14:25:44 - [MESSAGE][PASSED] - Keyboard is hidden

07-04-2024T14:25:47 - [MESSAGE][PASSED] - Scrolling to text 'Sudah punya akun?' successfully

07-04-2024T14:25:47 - [MESSAGE][WARNING] - Timeout '0' is invalid. Using default page load timeout: '30'

07-04-2024T14:25:47 - [MESSAGE][PASSED] - Tapped on element 'Object Repository/Register/btn_daftar'

07-04-2024T14:25:47 - [MESSAGE][WARNING] - Timeout '0' is invalid. Using default page load timeout: '30'

07-04-2024T14:25:49 - [MESSAGE][PASSED] - Element 'Object Repository/Dashboard/btn_jual' is present

07-04-2024T14:25:49 - [MESSAGE][WARNING] - Timeout '0' is invalid. Using default page load timeout: '30'

07-04-2024T14:25:49 - [MESSAGE][PASSED] - Element 'Object Repository/Dashboard/btn_jual' is visible

07-04-2024T14:25:49 - [MESSAGE][WARNING] - Timeout '0' is invalid. Using default page load timeout: '30'

07-04-2024T14:25:49 - [MESSAGE][PASSED] - Element 'Object Repository/Dashboard/btn_akun' is present

07-04-2024T14:25:49 - [MESSAGE][WARNING] - Timeout '0' is invalid. Using default page load timeout: '30'

07-04-2024T14:25:49 - [MESSAGE][PASSED] - Element 'Object Repository/Dashboard/btn_akun' is visible

07-04-2024T14:25:49 - [MESSAGE][INFO] - User set preference: ['appWaitActivity', '']

07-04-2024T14:25:49 - [MESSAGE][INFO] - User set preference: ['appWaitforLaunch', 'false']

07-04-2024T14:25:49 - [MESSAGE][INFO] - User set preference: ['deviceId', '']

07-04-2024T14:25:56 - [MESSAGE][PASSED] - Started app at: 'C:\Users\Administrator\Desktop\stuff\butkem\plat\Katalon Demo\23001065_18_K1_Challenge Kelompok 1 Mobile_Platinum\Apk\app-debug.apk'

07-04-2024T14:25:56 - [MESSAGE][WARNING] - Timeout '0' is invalid. Using default page load timeout: '30'

07-04-2024T14:25:59 - [MESSAGE][PASSED] - Element 'Object Repository/Dashboard/btn_akun' is present

07-04-2024T14:25:59 - [MESSAGE][WARNING] - Timeout '0' is invalid. Using default page load timeout: '30'

07-04-2024T14:25:59 - [MESSAGE][PASSED] - Element 'Object Repository/Dashboard/btn_akun' is visible

07-04-2024T14:25:59 - [MESSAGE][WARNING] - Timeout '0' is invalid. Using default page load timeout: '30'

07-04-2024T14:25:59 - [MESSAGE][PASSED] - Element 'Object Repository/Dashboard/btn_jual' is present

07-04-2024T14:25:59 - [MESSAGE][WARNING] - Timeout '0' is invalid. Using default page load timeout: '30'

07-04-2024T14:26:00 - [MESSAGE][PASSED] - Element 'Object Repository/Dashboard/btn_jual' is visible

07-04-2024T14:26:00 - [MESSAGE][WARNING] - Timeout '0' is invalid. Using default page load timeout: '30'

07-04-2024T14:26:01 - [MESSAGE][PASSED] - Tapped on element 'Object Repository/Dashboard/btn_akun'

07-04-2024T14:26:01 - [MESSAGE][WARNING] - Timeout '0' is invalid. Using default page load timeout: '30'

07-04-2024T14:26:01 - [MESSAGE][PASSED] - Element 'Object Repository/Login page/btn_loginmsk' is present

07-04-2024T14:26:01 - [MESSAGE][WARNING] - Timeout '0' is invalid. Using default page load timeout: '30'

07-04-2024T14:26:01 - [MESSAGE][PASSED] - Element 'Object Repository/Login page/btn_loginmsk' is visible

07-04-2024T14:26:01 - [MESSAGE][WARNING] - Timeout '0' is invalid. Using default page load timeout: '30'

07-04-2024T14:26:01 - [MESSAGE][PASSED] - Tapped on element 'Object Repository/Login page/btn_loginmsk'

07-04-2024T14:26:01 - [MESSAGE][WARNING] - Timeout '0' is invalid. Using default page load timeout: '30'

07-04-2024T14:26:02 - [MESSAGE][PASSED] - Element 'Object Repository/Login page/TextArea_email' is present

07-04-2024T14:26:02 - [MESSAGE][WARNING] - Timeout '0' is invalid. Using default page load timeout: '30'

07-04-2024T14:26:02 - [MESSAGE][PASSED] - Element 'Object Repository/Login page/TextArea_email' is visible

07-04-2024T14:26:02 - [MESSAGE][WARNING] - Timeout '0' is invalid. Using default page load timeout: '30'

07-04-2024T14:26:02 - [MESSAGE][PASSED] - Element 'Object Repository/Login page/TextArea_password' is present

07-04-2024T14:26:02 - [MESSAGE][WARNING] - Timeout '0' is invalid. Using default page load timeout: '30'

07-04-2024T14:26:02 - [MESSAGE][PASSED] - Element 'Object Repository/Login page/TextArea_password' is visible

07-04-2024T14:26:02 - [MESSAGE][WARNING] - Timeout '0' is invalid. Using default page load timeout: '30'

07-04-2024T14:26:02 - [MESSAGE][PASSED] - Tapped on element 'Object Repository/Login page/text_daftar'

07-04-2024T14:26:02 - [MESSAGE][WARNING] - Timeout '0' is invalid. Using default page load timeout: '30'

07-04-2024T14:26:03 - [MESSAGE][PASSED] - Element 'Object Repository/Register/TextBox _nama' is present

07-04-2024T14:26:03 - [MESSAGE][WARNING] - Timeout '0' is invalid. Using default page load timeout: '30'

07-04-2024T14:26:03 - [MESSAGE][PASSED] - Element 'Object Repository/Register/TextBox _nama' is visible

07-04-2024T14:26:03 - [MESSAGE][WARNING] - Timeout '0' is invalid. Using default page load timeout: '30'

07-04-2024T14:26:03 - [MESSAGE][PASSED] - Element 'Object Repository/Register/TextBox_ email' is present

07-04-2024T14:26:03 - [MESSAGE][WARNING] - Timeout '0' is invalid. Using default page load timeout: '30'

07-04-2024T14:26:03 - [MESSAGE][PASSED] - Element 'Object Repository/Register/TextBox_ email' is visible

07-04-2024T14:26:03 - [MESSAGE][WARNING] - Timeout '0' is invalid. Using default page load timeout: '30'

07-04-2024T14:26:06 - [MESSAGE][PASSED] - Text 'testing kirkal' has been set to element 'Object Repository/Register/TextBox _nama'

07-04-2024T14:26:06 - [MESSAGE][PASSED] - Keyboard is hidden

07-04-2024T14:26:06 - [MESSAGE][WARNING] - Timeout '0' is invalid. Using default page load timeout: '30'

07-04-2024T14:26:08 - [MESSAGE][PASSED] - Text 'testkirkal08@gmail.com' has been set to element 'Object Repository/Register/TextBox_ email'

07-04-2024T14:26:09 - [MESSAGE][PASSED] - Keyboard is hidden

07-04-2024T14:26:09 - [MESSAGE][WARNING] - Timeout '0' is invalid. Using default page load timeout: '30'

07-04-2024T14:26:11 - [MESSAGE][PASSED] - Text 'test123456789' has been set to element 'Object Repository/Register/TextBox_password'

07-04-2024T14:26:14 - [MESSAGE][PASSED] - Keyboard is hidden

07-04-2024T14:26:14 - [MESSAGE][WARNING] - Timeout '0' is invalid. Using default page load timeout: '30'

07-04-2024T14:26:16 - [MESSAGE][PASSED] - Text '081234567890' has been set to element 'Object Repository/Register/TextBox_nomorHP'

07-04-2024T14:26:18 - [MESSAGE][PASSED] - Keyboard is hidden

07-04-2024T14:26:18 - [MESSAGE][WARNING] - Timeout '0' is invalid. Using default page load timeout: '30'

07-04-2024T14:26:20 - [MESSAGE][PASSED] - Text 'Samarinda' has been set to element 'Object Repository/Register/TextBox_kota'

07-04-2024T14:26:21 - [MESSAGE][PASSED] - Keyboard is hidden

07-04-2024T14:26:21 - [MESSAGE][WARNING] - Timeout '0' is invalid. Using default page load timeout: '30'

07-04-2024T14:26:23 - [MESSAGE][PASSED] - Text 'Jl. Bung Tomo' has been set to element 'Object Repository/Register/TexBox_alamat'

07-04-2024T14:26:23 - [MESSAGE][PASSED] - Keyboard is hidden

07-04-2024T14:26:26 - [MESSAGE][PASSED] - Scrolling to text 'Sudah punya akun?' successfully

07-04-2024T14:26:26 - [MESSAGE][WARNING] - Timeout '0' is invalid. Using default page load timeout: '30'

07-04-2024T14:26:26 - [MESSAGE][PASSED] - Tapped on element 'Object Repository/Register/btn_daftar'

07-04-2024T14:26:27 - [MESSAGE][INFO] - User set preference: ['appWaitActivity', '']

07-04-2024T14:26:27 - [MESSAGE][INFO] - User set preference: ['appWaitforLaunch', 'false']

07-04-2024T14:26:27 - [MESSAGE][INFO] - User set preference: ['deviceId', '']

07-04-2024T14:26:34 - [MESSAGE][PASSED] - Started app at: 'C:\Users\Administrator\Desktop\stuff\butkem\plat\Katalon Demo\23001065_18_K1_Challenge Kelompok 1 Mobile_Platinum\Apk\app-debug.apk'

07-04-2024T14:26:34 - [MESSAGE][WARNING] - Timeout '0' is invalid. Using default page load timeout: '30'

07-04-2024T14:26:37 - [MESSAGE][PASSED] - Element 'Object Repository/Login page/btn_akun' is present

07-04-2024T14:26:37 - [MESSAGE][WARNING] - Timeout '0' is invalid. Using default page load timeout: '30'

07-04-2024T14:26:37 - [MESSAGE][PASSED] - Element 'Object Repository/Dashboard/btn_akun' is visible

07-04-2024T14:26:37 - [MESSAGE][WARNING] - Timeout '0' is invalid. Using default page load timeout: '30'

07-04-2024T14:26:39 - [MESSAGE][PASSED] - Tapped on element 'Object Repository/Dashboard/btn_akun'

07-04-2024T14:26:39 - [MESSAGE][WARNING] - Timeout '0' is invalid. Using default page load timeout: '30'

07-04-2024T14:26:39 - [MESSAGE][PASSED] - Element 'Object Repository/Login page/btn_loginmsk' is present

07-04-2024T14:26:39 - [MESSAGE][WARNING] - Timeout '0' is invalid. Using default page load timeout: '30'

07-04-2024T14:26:39 - [MESSAGE][PASSED] - Element 'Object Repository/Login page/btn_loginmsk' is visible

07-04-2024T14:26:39 - [MESSAGE][WARNING] - Timeout '0' is invalid. Using default page load timeout: '30'

07-04-2024T14:26:39 - [MESSAGE][PASSED] - Tapped on element 'Object Repository/Login page/btn_loginmsk'

07-04-2024T14:26:39 - [MESSAGE][WARNING] - Timeout '0' is invalid. Using default page load timeout: '30'

07-04-2024T14:26:40 - [MESSAGE][PASSED] - Element 'Object Repository/Login page/TextArea_email' is present

07-04-2024T14:26:40 - [MESSAGE][WARNING] - Timeout '0' is invalid. Using default page load timeout: '30'

07-04-2024T14:26:40 - [MESSAGE][PASSED] - Element 'Object Repository/Login page/TextArea_email' is visible

07-04-2024T14:26:40 - [MESSAGE][WARNING] - Timeout '0' is invalid. Using default page load timeout: '30'

07-04-2024T14:26:40 - [MESSAGE][PASSED] - Element 'Object Repository/Login page/TextArea_password' is present

07-04-2024T14:26:40 - [MESSAGE][WARNING] - Timeout '0' is invalid. Using default page load timeout: '30'

07-04-2024T14:26:40 - [MESSAGE][PASSED] - Element 'Object Repository/Login page/TextArea_password' is visible

07-04-2024T14:26:40 - [MESSAGE][WARNING] - Timeout '0' is invalid. Using default page load timeout: '30'

07-04-2024T14:26:42 - [MESSAGE][PASSED] - Text 'sandra123@gmail.com' has been set to element 'Object Repository/Login page/TextArea_email'

[...]

07-04-2024T14:42:55 - [MESSAGE][WARNING] - Timeout '0' is invalid. Using default page load timeout: '30'

07-04-2024T14:42:57 - [MESSAGE][PASSED] - Element 'Object Repository/Daftar Jual Saya/btn_back' is present

07-04-2024T14:42:57 - [MESSAGE][WARNING] - Timeout '0' is invalid. Using default page load timeout: '30'

07-04-2024T14:42:57 - [MESSAGE][PASSED] - Element 'Object Repository/Daftar Jual Saya/btn_back' is visible

07-04-2024T14:42:57 - [MESSAGE][WARNING] - Timeout '0' is invalid. Using default page load timeout: '30'

07-04-2024T14:42:57 - [MESSAGE][PASSED] - Element 'Object Repository/Daftar Jual Saya/txt_terjual' is present

07-04-2024T14:42:57 - [MESSAGE][WARNING] - Timeout '0' is invalid. Using default page load timeout: '30'

07-04-2024T14:42:57 - [MESSAGE][PASSED] - Element 'Object Repository/Daftar Jual Saya/txt_terjual' is visible

07-04-2024T14:42:57 - [MESSAGE][WARNING] - Timeout '0' is invalid. Using default page load timeout: '30'

07-04-2024T14:42:58 - [MESSAGE][PASSED] - Tapped on element 'Object Repository/Daftar Jual Saya/btn_back'

07-04-2024T14:42:58 - [MESSAGE][WARNING] - Timeout '0' is invalid. Using default page load timeout: '30'

07-04-2024T14:42:59 - [MESSAGE][PASSED] - Element 'Object Repository/Dashboard/btn_akun' is present

07-04-2024T14:42:59 - [MESSAGE][WARNING] - Timeout '0' is invalid. Using default page load timeout: '30'

07-04-2024T14:42:59 - [MESSAGE][PASSED] - Element 'Object Repository/Dashboard/btn_akun' is visible

07-04-2024T14:42:59 - [MESSAGE][WARNING] - Timeout '0' is invalid. Using default page load timeout: '30'

07-04-2024T14:42:59 - [MESSAGE][PASSED] - Element 'Object Repository/AkunMenu/btn_keluar' is present

07-04-2024T14:42:59 - [MESSAGE][WARNING] - Timeout '0' is invalid. Using default page load timeout: '30'

07-04-2024T14:42:59 - [MESSAGE][PASSED] - Element 'Object Repository/AkunMenu/btn_keluar' is visible

07-04-2024T14:42:59 - [MESSAGE][WARNING] - Timeout '0' is invalid. Using default page load timeout: '30'

07-04-2024T14:42:59 - [MESSAGE][PASSED] - Tapped on element 'Object Repository/Dashboard/btn_akun'

07-04-2024T14:42:59 - [MESSAGE][WARNING] - Timeout '0' is invalid. Using default page load timeout: '30'

07-04-2024T14:43:00 - [MESSAGE][PASSED] - Tapped on element 'Object Repository/AkunMenu/btn_keluar'

07-04-2024T14:43:00 - [MESSAGE][WARNING] - Timeout '0' is invalid. Using default page load timeout: '30'

07-04-2024T14:43:03 - [MESSAGE][PASSED] - Tapped on element 'Object Repository/Dashboard/btn_akun'

07-04-2024T14:43:03 - [MESSAGE][WARNING] - Timeout '0' is invalid. Using default page load timeout: '30'

07-04-2024T14:43:04 - [MESSAGE][PASSED] - Element 'Object Repository/Login page/btn_loginmsk' is present

07-04-2024T14:43:04 - [MESSAGE][WARNING] - Timeout '0' is invalid. Using default page load timeout: '30'

07-04-2024T14:43:04 - [MESSAGE][PASSED] - Element 'Object Repository/Login page/btn_loginmsk' is visible

07-04-2024T14:43:04 - [MESSAGE][WARNING] - Timeout '0' is invalid. Using default page load timeout: '30'

07-04-2024T14:43:04 - [MESSAGE][PASSED] - Element 'Object Repository/Login page/txt_AkunSaya' is present

07-04-2024T14:43:04 - [MESSAGE][WARNING] - Timeout '0' is invalid. Using default page load timeout: '30'

07-04-2024T14:43:04 - [MESSAGE][PASSED] - Element 'Object Repository/Login page/txt_AkunSaya' is visible

07-04-2024T14:43:04 - [MESSAGE][WARNING] - Timeout '0' is invalid. Using default page load timeout: '30'

07-04-2024T14:43:04 - [MESSAGE][PASSED] - Tapped on element 'Object Repository/Login page/btn_loginmsk'

07-04-2024T14:43:04 - [MESSAGE][WARNING] - Timeout '0' is invalid. Using default page load timeout: '30'

07-04-2024T14:43:05 - [MESSAGE][PASSED] - Element 'Object Repository/Login page/TextArea_email' is present

07-04-2024T14:43:05 - [MESSAGE][WARNING] - Timeout '0' is invalid. Using default page load timeout: '30'

07-04-2024T14:43:05 - [MESSAGE][PASSED] - Element 'Object Repository/Login page/TextArea_email' is visible

07-04-2024T14:43:05 - [MESSAGE][WARNING] - Timeout '0' is invalid. Using default page load timeout: '30'

07-04-2024T14:43:05 - [MESSAGE][PASSED] - Element 'Object Repository/Login page/TextArea_password' is present

07-04-2024T14:43:05 - [MESSAGE][WARNING] - Timeout '0' is invalid. Using default page load timeout: '30'

07-04-2024T14:43:05 - [MESSAGE][PASSED] - Element 'Object Repository/Login page/TextArea_password' is visible

07-04-2024T14:43:05 - [MESSAGE][WARNING] - Timeout '0' is invalid. Using default page load timeout: '30'

07-04-2024T14:43:07 - [MESSAGE][PASSED] - Text 'ArchiMobile2@mail.com' has been set to element 'Object Repository/Login page/TextArea_email'

07-04-2024T14:43:08 - [MESSAGE][PASSED] - Keyboard is hidden

07-04-2024T14:43:08 - [MESSAGE][WARNING] - Timeout '0' is invalid. Using default page load timeout: '30'

07-04-2024T14:43:10 - [MESSAGE][PASSED] - Text '041099' has been set to element 'Object Repository/Login page/TextArea_password'

07-04-2024T14:43:13 - [MESSAGE][PASSED] - Keyboard is hidden

07-04-2024T14:43:13 - [MESSAGE][WARNING] - Timeout '0' is invalid. Using default page load timeout: '30'

07-04-2024T14:43:14 - [MESSAGE][PASSED] - Tapped on element 'Object Repository/Login page/btn_loginmsk2'

07-04-2024T14:43:14 - [MESSAGE][WARNING] - Timeout '0' is invalid. Using default page load timeout: '30'

07-04-2024T14:43:14 - [MESSAGE][PASSED] - Element 'Object Repository/AkunMenu/btn_daftarJualSaya' is present

07-04-2024T14:43:14 - [MESSAGE][WARNING] - Timeout '0' is invalid. Using default page load timeout: '30'

07-04-2024T14:43:14 - [MESSAGE][PASSED] - Element 'Object Repository/AkunMenu/btn_daftarJualSaya' is visible

07-04-2024T14:43:14 - [MESSAGE][WARNING] - Timeout '0' is invalid. Using default page load timeout: '30'

07-04-2024T14:43:14 - [MESSAGE][PASSED] - Element 'Object Repository/AkunMenu/btn_keluar' is present

07-04-2024T14:43:14 - [MESSAGE][WARNING] - Timeout '0' is invalid. Using default page load timeout: '30'

07-04-2024T14:43:14 - [MESSAGE][PASSED] - Element 'Object Repository/AkunMenu/btn_keluar' is visible

07-04-2024T14:43:14 - [MESSAGE][WARNING] - Timeout '0' is invalid. Using default page load timeout: '30'

07-04-2024T14:43:14 - [MESSAGE][PASSED] - Tapped on element 'Object Repository/Dashboard/btn_beranda'

07-04-2024T14:43:14 - [MESSAGE][WARNING] - Timeout '0' is invalid. Using default page load timeout: '30'

07-04-2024T14:43:15 - [MESSAGE][PASSED] - Element 'Object Repository/Search Product Page/input_first_search' is present

07-04-2024T14:43:15 - [MESSAGE][WARNING] - Timeout '0' is invalid. Using default page load timeout: '30'

07-04-2024T14:43:15 - [MESSAGE][PASSED] - Element 'Object Repository/Search Product Page/input_first_search' is visible

07-04-2024T14:43:15 - [MESSAGE][WARNING] - Timeout '0' is invalid. Using default page load timeout: '30'

07-04-2024T14:43:15 - [MESSAGE][PASSED] - Tapped on element 'Object Repository/Search Product Page/input_first_search'

07-04-2024T14:43:15 - [MESSAGE][WARNING] - Timeout '0' is invalid. Using default page load timeout: '30'

07-04-2024T14:43:17 - [MESSAGE][PASSED] - Element 'Object Repository/Search Product Page/input_second_search' is present

07-04-2024T14:43:17 - [MESSAGE][WARNING] - Timeout '0' is invalid. Using default page load timeout: '30'

07-04-2024T14:43:17 - [MESSAGE][PASSED] - Element 'Object Repository/Search Product Page/input_second_search' is visible

07-04-2024T14:43:17 - [MESSAGE][WARNING] - Timeout '0' is invalid. Using default page load timeout: '30'

07-04-2024T14:43:17 - [MESSAGE][PASSED] - Tapped on element 'Object Repository/Search Product Page/input_second_search'

07-04-2024T14:43:17 - [MESSAGE][WARNING] - Timeout '0' is invalid. Using default page load timeout: '30'

07-04-2024T14:43:21 - [MESSAGE][PASSED] - Text 'Kopi Archi 3476' has been set to element 'Object Repository/Search Product Page/input_second_search'

07-04-2024T14:43:21 - [MESSAGE][PASSED] - Keyboard is hidden

07-04-2024T14:43:21 - [MESSAGE][WARNING] - Timeout '0' is invalid. Using default page load timeout: '30'

07-04-2024T14:43:22 - [MESSAGE][PASSED] - Element 'Object Repository/Search Product Page/view_products' is present

07-04-2024T14:43:22 - [MESSAGE][WARNING] - Timeout '0' is invalid. Using default page load timeout: '30'

07-04-2024T14:43:23 - [MESSAGE][PASSED] - Element 'Object Repository/Search Product Page/view_products' is visible

07-04-2024T14:43:23 - [MESSAGE][WARNING] - Timeout '0' is invalid. Using default page load timeout: '30'

07-04-2024T14:43:23 - [MESSAGE][PASSED] - Tapped on element 'Object Repository/Search Product Page/view_products'

07-04-2024T14:43:23 - [MESSAGE][WARNING] - Timeout '0' is invalid. Using default page load timeout: '30'

07-04-2024T14:43:23 - [MESSAGE][PASSED] - Element 'Object Repository/Buyer Transaction Page/btn_nego' is present

07-04-2024T14:43:23 - [MESSAGE][WARNING] - Timeout '0' is invalid. Using default page load timeout: '30'

07-04-2024T14:43:24 - [MESSAGE][PASSED] - Element 'Object Repository/Buyer Transaction Page/btn_nego' is visible

07-04-2024T14:43:24 - [MESSAGE][WARNING] - Timeout '0' is invalid. Using default page load timeout: '30'

07-04-2024T14:43:24 - [MESSAGE][PASSED] - Tapped on element 'Object Repository/Buyer Transaction Page/btn_nego'

07-04-2024T14:43:24 - [MESSAGE][WARNING] - Timeout '0' is invalid. Using default page load timeout: '30'

07-04-2024T14:43:24 - [MESSAGE][PASSED] - Element 'Object Repository/Buyer Transaction Page/TextArea_harga' is present

07-04-2024T14:43:24 - [MESSAGE][WARNING] - Timeout '0' is invalid. Using default page load timeout: '30'

07-04-2024T14:43:24 - [MESSAGE][PASSED] - Element 'Object Repository/Buyer Transaction Page/TextArea_harga' is visible

07-04-2024T14:43:24 - [MESSAGE][WARNING] - Timeout '0' is invalid. Using default page load timeout: '30'

07-04-2024T14:43:24 - [MESSAGE][PASSED] - Element 'Object Repository/Buyer Transaction Page/btn_kirim' is present

07-04-2024T14:43:24 - [MESSAGE][WARNING] - Timeout '0' is invalid. Using default page load timeout: '30'

07-04-2024T14:43:24 - [MESSAGE][PASSED] - Element 'Object Repository/Buyer Transaction Page/btn_kirim' is visible

07-04-2024T14:43:24 - [MESSAGE][WARNING] - Timeout '0' is invalid. Using default page load timeout: '30'

07-04-2024T14:43:26 - [MESSAGE][PASSED] - Text '5000' has been set to element 'Object Repository/Buyer Transaction Page/TextArea_harga'

07-04-2024T14:43:27 - [MESSAGE][PASSED] - Keyboard is hidden

07-04-2024T14:43:27 - [MESSAGE][WARNING] - Timeout '0' is invalid. Using default page load timeout: '30'

07-04-2024T14:43:28 - [MESSAGE][PASSED] - Tapped on element 'Object Repository/Buyer Transaction Page/btn_nego'

07-04-2024T14:43:28 - [MESSAGE][WARNING] - Timeout '0' is invalid. Using default page load timeout: '30'

07-04-2024T14:43:28 - [MESSAGE][PASSED] - Tapped on element 'Object Repository/Buyer Transaction Page/btn_kirim'

07-04-2024T14:43:28 - [MESSAGE][WARNING] - Timeout '0' is invalid. Using default page load timeout: '30'

07-04-2024T14:43:29 - [MESSAGE][PASSED] - Element 'Object Repository/Buyer Transaction Page/text_offersuccess' is present

07-04-2024T14:43:29 - [MESSAGE][WARNING] - Timeout '0' is invalid. Using default page load timeout: '30'

07-04-2024T14:43:29 - [MESSAGE][PASSED] - Element 'Object Repository/Buyer Transaction Page/text_offersuccess' is visible

07-04-2024T14:43:29 - [MESSAGE][WARNING] - Timeout '0' is invalid. Using default page load timeout: '30'

07-04-2024T14:43:29 - [MESSAGE][PASSED] - Tapped on element 'Object Repository/Daftar Jual Saya/btn_back'

07-04-2024T14:43:29 - [MESSAGE][WARNING] - Timeout '0' is invalid. Using default page load timeout: '30'

07-04-2024T14:43:31 - [MESSAGE][PASSED] - Tapped on element 'Object Repository/Daftar Jual Saya/btn_back'

07-04-2024T14:43:31 - [MESSAGE][WARNING] - Timeout '0' is invalid. Using default page load timeout: '30'

07-04-2024T14:43:31 - [MESSAGE][PASSED] - Tapped on element 'Object Repository/Dashboard/btn_akun'

07-04-2024T14:43:31 - [MESSAGE][WARNING] - Timeout '0' is invalid. Using default page load timeout: '30'

07-04-2024T14:43:32 - [MESSAGE][PASSED] - Tapped on element 'Object Repository/AkunMenu/btn_keluar'

07-04-2024T14:43:32 - [MESSAGE][WARNING] - Timeout '0' is invalid. Using default page load timeout: '30'

07-04-2024T14:43:36 - [MESSAGE][PASSED] - Tapped on element 'Object Repository/Dashboard/btn_akun'

07-04-2024T14:43:36 - [MESSAGE][WARNING] - Timeout '0' is invalid. Using default page load timeout: '30'

07-04-2024T14:43:36 - [MESSAGE][PASSED] - Element 'Object Repository/Login page/btn_loginmsk' is present

07-04-2024T14:43:36 - [MESSAGE][WARNING] - Timeout '0' is invalid. Using default page load timeout: '30'

07-04-2024T14:43:36 - [MESSAGE][PASSED] - Element 'Object Repository/Login page/btn_loginmsk' is visible

07-04-2024T14:43:36 - [MESSAGE][WARNING] - Timeout '0' is invalid. Using default page load timeout: '30'

07-04-2024T14:43:36 - [MESSAGE][PASSED] - Element 'Object Repository/Login page/txt_AkunSaya' is present

07-04-2024T14:43:36 - [MESSAGE][WARNING] - Timeout '0' is invalid. Using default page load timeout: '30'

07-04-2024T14:43:36 - [MESSAGE][PASSED] - Element 'Object Repository/Login page/txt_AkunSaya' is visible

07-04-2024T14:43:36 - [MESSAGE][WARNING] - Timeout '0' is invalid. Using default page load timeout: '30'

07-04-2024T14:43:36 - [MESSAGE][PASSED] - Tapped on element 'Object Repository/Login page/btn_loginmsk'

07-04-2024T14:43:36 - [MESSAGE][WARNING] - Timeout '0' is invalid. Using default page load timeout: '30'

07-04-2024T14:43:37 - [MESSAGE][PASSED] - Element 'Object Repository/Login page/TextArea_email' is present

07-04-2024T14:43:37 - [MESSAGE][WARNING] - Timeout '0' is invalid. Using default page load timeout: '30'

07-04-2024T14:43:37 - [MESSAGE][PASSED] - Element 'Object Repository/Login page/TextArea_email' is visible

07-04-2024T14:43:37 - [MESSAGE][WARNING] - Timeout '0' is invalid. Using default page load timeout: '30'

07-04-2024T14:43:37 - [MESSAGE][PASSED] - Element 'Object Repository/Login page/TextArea_password' is present

07-04-2024T14:43:37 - [MESSAGE][WARNING] - Timeout '0' is invalid. Using default page load timeout: '30'

07-04-2024T14:43:37 - [MESSAGE][PASSED] - Element 'Object Repository/Login page/TextArea_password' is visible

07-04-2024T14:43:37 - [MESSAGE][WARNING] - Timeout '0' is invalid. Using default page load timeout: '30'

07-04-2024T14:43:40 - [MESSAGE][PASSED] - Text 'ArchiMobile1@mail.com' has been set to element 'Object Repository/Login page/TextArea_email'

07-04-2024T14:43:40 - [MESSAGE][PASSED] - Keyboard is hidden

07-04-2024T14:43:40 - [MESSAGE][WARNING] - Timeout '0' is invalid. Using default page load timeout: '30'

07-04-2024T14:43:42 - [MESSAGE][PASSED] - Text '041099' has been set to element 'Object Repository/Login page/TextArea_password'

07-04-2024T14:43:45 - [MESSAGE][PASSED] - Keyboard is hidden

07-04-2024T14:43:45 - [MESSAGE][WARNING] - Timeout '0' is invalid. Using default page load timeout: '30'

07-04-2024T14:43:46 - [MESSAGE][PASSED] - Tapped on element 'Object Repository/Login page/btn_loginmsk2'

07-04-2024T14:43:46 - [MESSAGE][WARNING] - Timeout '0' is invalid. Using default page load timeout: '30'

07-04-2024T14:43:47 - [MESSAGE][PASSED] - Element 'Object Repository/AkunMenu/btn_daftarJualSaya' is present

07-04-2024T14:43:47 - [MESSAGE][WARNING] - Timeout '0' is invalid. Using default page load timeout: '30'

07-04-2024T14:43:47 - [MESSAGE][PASSED] - Element 'Object Repository/AkunMenu/btn_daftarJualSaya' is visible

07-04-2024T14:43:47 - [MESSAGE][WARNING] - Timeout '0' is invalid. Using default page load timeout: '30'

07-04-2024T14:43:47 - [MESSAGE][PASSED] - Element 'Object Repository/AkunMenu/btn_edit' is present

07-04-2024T14:43:47 - [MESSAGE][WARNING] - Timeout '0' is invalid. Using default page load timeout: '30'

07-04-2024T14:43:47 - [MESSAGE][PASSED] - Element 'Object Repository/AkunMenu/btn_edit' is visible

07-04-2024T14:43:47 - [MESSAGE][WARNING] - Timeout '0' is invalid. Using default page load timeout: '30'

07-04-2024T14:43:47 - [MESSAGE][PASSED] - Tapped on element 'Object Repository/AkunMenu/btn_daftarJualSaya'

07-04-2024T14:43:47 - [MESSAGE][WARNING] - Timeout '0' is invalid. Using default page load timeout: '30'

07-04-2024T14:43:48 - [MESSAGE][PASSED] - Element 'Object Repository/Daftar Jual Saya/txt_diminati' is present

07-04-2024T14:43:48 - [MESSAGE][WARNING] - Timeout '0' is invalid. Using default page load timeout: '30'

07-04-2024T14:43:48 - [MESSAGE][PASSED] - Element 'Object Repository/Daftar Jual Saya/txt_diminati' is visible

07-04-2024T14:43:48 - [MESSAGE][WARNING] - Timeout '0' is invalid. Using default page load timeout: '30'

07-04-2024T14:43:48 - [MESSAGE][PASSED] - Element 'Object Repository/Daftar Jual Saya/txt_terjual' is present

07-04-2024T14:43:48 - [MESSAGE][WARNING] - Timeout '0' is invalid. Using default page load timeout: '30'

07-04-2024T14:43:49 - [MESSAGE][PASSED] - Element 'Object Repository/Daftar Jual Saya/txt_terjual' is visible

07-04-2024T14:43:49 - [MESSAGE][WARNING] - Timeout '0' is invalid. Using default page load timeout: '30'

07-04-2024T14:43:49 - [MESSAGE][PASSED] - Tapped on element 'Object Repository/Daftar Jual Saya/txt_diminati'

07-04-2024T14:43:49 - [MESSAGE][WARNING] - Timeout '0' is invalid. Using default page load timeout: '30'

07-04-2024T14:43:50 - [MESSAGE][PASSED] - Element 'Object Repository/Seller Transaction Page/card_penawaranProduk' is present

07-04-2024T14:43:50 - [MESSAGE][WARNING] - Timeout '0' is invalid. Using default page load timeout: '30'

07-04-2024T14:43:50 - [MESSAGE][PASSED] - Element 'Object Repository/Seller Transaction Page/card_penawaranProduk' is visible

07-04-2024T14:43:50 - [MESSAGE][WARNING] - Timeout '0' is invalid. Using default page load timeout: '30'

07-04-2024T14:43:51 - [MESSAGE][PASSED] - Tapped on element 'Object Repository/Seller Transaction Page/card_penawaranProduk'

07-04-2024T14:43:51 - [MESSAGE][WARNING] - Timeout '0' is invalid. Using default page load timeout: '30'

07-04-2024T14:43:51 - [MESSAGE][PASSED] - Element 'Object Repository/Seller Transaction Page/btn_terima' is present

07-04-2024T14:43:51 - [MESSAGE][WARNING] - Timeout '0' is invalid. Using default page load timeout: '30'

07-04-2024T14:43:51 - [MESSAGE][PASSED] - Element 'Object Repository/Seller Transaction Page/btn_terima' is visible

07-04-2024T14:43:51 - [MESSAGE][WARNING] - Timeout '0' is invalid. Using default page load timeout: '30'

07-04-2024T14:43:51 - [MESSAGE][PASSED] - Element 'Object Repository/Seller Transaction Page/btn_tolak' is present

07-04-2024T14:43:51 - [MESSAGE][WARNING] - Timeout '0' is invalid. Using default page load timeout: '30'

07-04-2024T14:43:51 - [MESSAGE][PASSED] - Element 'Object Repository/Seller Transaction Page/btn_tolak' is visible

07-04-2024T14:43:51 - [MESSAGE][WARNING] - Timeout '0' is invalid. Using default page load timeout: '30'

07-04-2024T14:43:51 - [MESSAGE][PASSED] - Tapped on element 'Object Repository/Seller Transaction Page/btn_tolak'

07-04-2024T14:43:51 - [MESSAGE][WARNING] - Timeout '0' is invalid. Using default page load timeout: '30'

07-04-2024T14:43:52 - [MESSAGE][PASSED] - Element 'Object Repository/Seller Transaction Page/message_transactionSuccess' is present

07-04-2024T14:43:52 - [MESSAGE][WARNING] - Timeout '0' is invalid. Using default page load timeout: '30'

07-04-2024T14:43:52 - [MESSAGE][PASSED] - Element 'Object Repository/Seller Transaction Page/message_transactionSuccess' is visible

07-04-2024T14:43:52 - [MESSAGE][PASSED] - Run with 'Runner' was passed]]></system-out>
         <system-err><![CDATA[]]></system-err>
      </testcase>
      <system-out><![CDATA[07-04-2024T14:20:00 - [TEST_SUITE][PASSED] - Cucumber Test Suite: Test Cases/Cucumber]]></system-out>
      <system-err><![CDATA[]]></system-err>
   </testsuite>
</testsuites>
